<?xml version="1.0" encoding="UTF-8"?>
<robot generator="Robot 7.0 (Python 3.12.2 on win32)" generated="2024-05-28T06:24:56.405570" rpa="false" schemaversion="5">
<suite id="s1" name="ProjectPiot" source="E:\ProjectPiot">
<suite id="s1-s1" name="TestCases" source="E:\ProjectPiot\TestCases">
<suite id="s1-s1-s1" name="Test AddEmployee" source="E:\ProjectPiot\TestCases\Test_AddEmployee.robot">
<test id="s1-s1-s1-t1" name="Add new Employee" line="13">
<kw name="Open the Browser with URL" owner="GenericResources" type="SETUP">
<kw name="Create Webdriver" owner="SeleniumLibrary">
<msg time="2024-05-28T06:24:57.329965" level="INFO">Creating an instance of the Chrome WebDriver.</msg>
<arg>Chrome</arg>
<doc>Creates an instance of Selenium WebDriver.</doc>
<status status="PASS" start="2024-05-28T06:24:57.329965" elapsed="2.127494"/>
</kw>
<kw name="Go To" owner="SeleniumLibrary">
<msg time="2024-05-28T06:24:59.461491" level="INFO">Opening url 'https://opensource-demo.orangehrmlive.com/web/index.php/auth/login'</msg>
<arg>${url}</arg>
<doc>Navigates the current browser window to the provided ``url``.</doc>
<status status="PASS" start="2024-05-28T06:24:59.457459" elapsed="3.071281"/>
</kw>
<kw name="Maximize Browser Window" owner="SeleniumLibrary">
<doc>Maximizes current browser window.</doc>
<status status="PASS" start="2024-05-28T06:25:02.528740" elapsed="0.028908"/>
</kw>
<kw name="Set Selenium Implicit Wait" owner="SeleniumLibrary">
<arg>5</arg>
<doc>Sets the implicit wait value used by Selenium.</doc>
<status status="PASS" start="2024-05-28T06:25:02.557648" elapsed="0.000000"/>
</kw>
<status status="PASS" start="2024-05-28T06:24:57.329965" elapsed="5.227683"/>
</kw>
<kw name="Add new Employee">
<kw name="Fill the login form" owner="LoginResources">
<kw name="Input Text" owner="SeleniumLibrary">
<msg time="2024-05-28T06:25:02.560974" level="INFO">Typing text 'Admin' into text field 'xpath://input[@name='username']'.</msg>
<arg>xpath://input[@name='username']</arg>
<arg>${Username}</arg>
<doc>Types the given ``text`` into the text field identified by ``locator``.</doc>
<status status="PASS" start="2024-05-28T06:25:02.559967" elapsed="0.623246"/>
</kw>
<kw name="Input Password" owner="SeleniumLibrary">
<msg time="2024-05-28T06:25:03.183213" level="INFO">Typing password into text field 'xpath://input[@type='password']'.</msg>
<msg time="2024-05-28T06:25:03.223223" level="INFO">Temporally setting log level to: NONE</msg>
<arg>xpath://input[@type='password']</arg>
<arg>${Password}</arg>
<doc>Types the given password into the text field identified by ``locator``.</doc>
<status status="PASS" start="2024-05-28T06:25:03.183213" elapsed="0.113141"/>
</kw>
<kw name="Click Button" owner="SeleniumLibrary">
<msg time="2024-05-28T06:25:03.297359" level="INFO">Clicking button 'xpath://button[@type='submit']'.</msg>
<arg>xpath://button[@type='submit']</arg>
<doc>Clicks the button identified by ``locator``.</doc>
<status status="PASS" start="2024-05-28T06:25:03.296354" elapsed="1.269901"/>
</kw>
<arg>${username}</arg>
<arg>${password}</arg>
<status status="PASS" start="2024-05-28T06:25:02.559967" elapsed="2.006288"/>
</kw>
<kw name="Set Selenium Implicit Wait" owner="SeleniumLibrary">
<arg>5</arg>
<doc>Sets the implicit wait value used by Selenium.</doc>
<status status="PASS" start="2024-05-28T06:25:04.567261" elapsed="0.000981"/>
</kw>
<kw name="verify the valid credentials" owner="LoginResources">
<kw name="Element Text Should Be" owner="SeleniumLibrary">
<msg time="2024-05-28T06:25:04.570614" level="INFO">Verifying element 'xpath://h6[text()="Dashboard"]' contains exact text 'Dashboard'.</msg>
<arg>${dashBoard}</arg>
<arg>Dashboard</arg>
<doc>Verifies that element ``locator`` contains exact the text ``expected``.</doc>
<status status="PASS" start="2024-05-28T06:25:04.569330" elapsed="0.408445"/>
</kw>
<status status="PASS" start="2024-05-28T06:25:04.569330" elapsed="0.408445"/>
</kw>
<kw name="Click on PIM Button" owner="PIMResources">
<kw name="Set Selenium Implicit Wait" owner="SeleniumLibrary">
<arg>5</arg>
<doc>Sets the implicit wait value used by Selenium.</doc>
<status status="PASS" start="2024-05-28T06:25:04.978777" elapsed="0.000998"/>
</kw>
<kw name="Click Element" owner="SeleniumLibrary">
<msg time="2024-05-28T06:25:04.979775" level="INFO">Clicking element 'xpath:(//span[@class="oxd-text oxd-text--span oxd-main-menu-item--name"])[2]'.</msg>
<arg>${PIM_button}</arg>
<doc>Click the element identified by ``locator``.</doc>
<status status="PASS" start="2024-05-28T06:25:04.979775" elapsed="1.338486"/>
</kw>
<status status="PASS" start="2024-05-28T06:25:04.978777" elapsed="1.339484"/>
</kw>
<kw name="click on Employee_list_button" owner="PIMResources">
<kw name="Click Element" owner="SeleniumLibrary">
<msg time="2024-05-28T06:25:06.319265" level="INFO">Clicking element 'xpath://a[text()='Employee List']'.</msg>
<arg>${Employee_list}</arg>
<doc>Click the element identified by ``locator``.</doc>
<status status="PASS" start="2024-05-28T06:25:06.319265" elapsed="1.186587"/>
</kw>
<status status="PASS" start="2024-05-28T06:25:06.319265" elapsed="1.186587"/>
</kw>
<kw name="Click the Add Button" owner="GenericResources">
<kw name="Wait Until Element Is Visible" owner="SeleniumLibrary">
<arg>${add_button}</arg>
<doc>Waits until the element ``locator`` is visible.</doc>
<status status="PASS" start="2024-05-28T06:25:07.506857" elapsed="0.413919"/>
</kw>
<kw name="Click Button" owner="SeleniumLibrary">
<msg time="2024-05-28T06:25:07.921927" level="INFO">Clicking button 'xpath=//button[@type="button"][@class="oxd-button oxd-button--medium oxd-button--secondary"]'.</msg>
<arg>${add_button}</arg>
<doc>Clicks the button identified by ``locator``.</doc>
<status status="PASS" start="2024-05-28T06:25:07.921927" elapsed="0.637060"/>
</kw>
<status status="PASS" start="2024-05-28T06:25:07.505852" elapsed="1.054135"/>
</kw>
<kw name="Fill the details to add employee" owner="PIMResources">
<kw name="Input Text" owner="SeleniumLibrary">
<msg time="2024-05-28T06:25:08.559987" level="INFO">Typing text 'AZX' into text field 'xpath://input[@name="firstName"]'.</msg>
<arg>${first_name}</arg>
<arg>${fname}</arg>
<doc>Types the given ``text`` into the text field identified by ``locator``.</doc>
<status status="PASS" start="2024-05-28T06:25:08.559987" elapsed="0.453840"/>
</kw>
<kw name="Input Text" owner="SeleniumLibrary">
<msg time="2024-05-28T06:25:09.013827" level="INFO">Typing text 'BYZ' into text field 'xpath://input[@name="middleName"]'.</msg>
<arg>${middle_name}</arg>
<arg>${mname}</arg>
<doc>Types the given ``text`` into the text field identified by ``locator``.</doc>
<status status="PASS" start="2024-05-28T06:25:09.013827" elapsed="0.064912"/>
</kw>
<kw name="Input Text" owner="SeleniumLibrary">
<msg time="2024-05-28T06:25:09.079244" level="INFO">Typing text 'ZCV' into text field 'xpath://input[@name="lastName"]'.</msg>
<arg>${last_name}</arg>
<arg>${lname}</arg>
<doc>Types the given ``text`` into the text field identified by ``locator``.</doc>
<status status="PASS" start="2024-05-28T06:25:09.079244" elapsed="0.100749"/>
</kw>
<arg>${fname}</arg>
<arg>${mname}</arg>
<arg>${lname}</arg>
<status status="PASS" start="2024-05-28T06:25:08.559987" elapsed="0.620006"/>
</kw>
<kw name="Wait Until Element Is Visible" owner="SeleniumLibrary">
<arg>${save_btn}</arg>
<arg>4s</arg>
<doc>Waits until the element ``locator`` is visible.</doc>
<status status="PASS" start="2024-05-28T06:25:09.179993" elapsed="0.021903"/>
</kw>
<kw name="click on save button" owner="PIMResources">
<kw name="Click Button" owner="SeleniumLibrary">
<msg time="2024-05-28T06:25:09.202894" level="INFO">Clicking button 'xpath://button[@type="submit"]'.</msg>
<arg>${save_btn}</arg>
<doc>Clicks the button identified by ``locator``.</doc>
<status status="PASS" start="2024-05-28T06:25:09.202894" elapsed="0.275660"/>
</kw>
<kw name="Element Text Should Be" owner="SeleniumLibrary">
<msg time="2024-05-28T06:25:09.478554" level="INFO">Verifying element 'xpath://p[@class="oxd-text oxd-text--p oxd-text--toast-message oxd-toast-content-text"]' contains exact text 'Successfully Saved'.</msg>
<arg>${success_message}</arg>
<arg>Successfully Saved</arg>
<doc>Verifies that element ``locator`` contains exact the text ``expected``.</doc>
<status status="PASS" start="2024-05-28T06:25:09.478554" elapsed="1.379350"/>
</kw>
<status status="PASS" start="2024-05-28T06:25:09.202894" elapsed="1.655010"/>
</kw>
<kw name="Set Selenium Implicit Wait" owner="SeleniumLibrary">
<arg>5s</arg>
<doc>Sets the implicit wait value used by Selenium.</doc>
<status status="PASS" start="2024-05-28T06:25:10.857904" elapsed="0.004016"/>
</kw>
<kw name="check whether page navigates to Personal info" owner="PIMResources">
<kw name="Element Text Should Be" owner="SeleniumLibrary">
<msg time="2024-05-28T06:25:10.863909" level="INFO">Verifying element 'xpath://h6[text()='PIM']' contains exact text 'PIM'.</msg>
<arg>${Page_navigate}</arg>
<arg>PIM</arg>
<doc>Verifies that element ``locator`` contains exact the text ``expected``.</doc>
<status status="PASS" start="2024-05-28T06:25:10.862908" elapsed="0.024029"/>
</kw>
<status status="PASS" start="2024-05-28T06:25:10.862908" elapsed="0.025035"/>
</kw>
<arg>fname=AZX</arg>
<arg>mname=BYZ</arg>
<arg>lname=ZCV</arg>
<tag>smoke</tag>
<status status="PASS" start="2024-05-28T06:25:02.559967" elapsed="8.327976"/>
</kw>
<kw name="Close Browser Session" owner="GenericResources" type="TEARDOWN">
<kw name="Close Browser" owner="SeleniumLibrary">
<doc>Closes the current browser.</doc>
<status status="PASS" start="2024-05-28T06:25:10.887943" elapsed="2.184168"/>
</kw>
<status status="PASS" start="2024-05-28T06:25:10.887943" elapsed="2.184168"/>
</kw>
<status status="PASS" start="2024-05-28T06:24:57.329965" elapsed="15.742146"/>
</test>
<test id="s1-s1-s1-t2" name="Add new Employee" line="13">
<kw name="Open the Browser with URL" owner="GenericResources" type="SETUP">
<kw name="Create Webdriver" owner="SeleniumLibrary">
<msg time="2024-05-28T06:25:13.072111" level="INFO">Creating an instance of the Chrome WebDriver.</msg>
<arg>Chrome</arg>
<doc>Creates an instance of Selenium WebDriver.</doc>
<status status="PASS" start="2024-05-28T06:25:13.072111" elapsed="1.654914"/>
</kw>
<kw name="Go To" owner="SeleniumLibrary">
<msg time="2024-05-28T06:25:14.727930" level="INFO">Opening url 'https://opensource-demo.orangehrmlive.com/web/index.php/auth/login'</msg>
<arg>${url}</arg>
<doc>Navigates the current browser window to the provided ``url``.</doc>
<status status="PASS" start="2024-05-28T06:25:14.727930" elapsed="3.349458"/>
</kw>
<kw name="Maximize Browser Window" owner="SeleniumLibrary">
<doc>Maximizes current browser window.</doc>
<status status="PASS" start="2024-05-28T06:25:18.077388" elapsed="0.025339"/>
</kw>
<kw name="Set Selenium Implicit Wait" owner="SeleniumLibrary">
<arg>5</arg>
<doc>Sets the implicit wait value used by Selenium.</doc>
<status status="PASS" start="2024-05-28T06:25:18.102727" elapsed="0.001047"/>
</kw>
<status status="PASS" start="2024-05-28T06:25:13.072111" elapsed="5.032622"/>
</kw>
<kw name="Add new Employee">
<kw name="Fill the login form" owner="LoginResources">
<kw name="Input Text" owner="SeleniumLibrary">
<msg time="2024-05-28T06:25:18.104733" level="INFO">Typing text 'Admin' into text field 'xpath://input[@name='username']'.</msg>
<arg>xpath://input[@name='username']</arg>
<arg>${Username}</arg>
<doc>Types the given ``text`` into the text field identified by ``locator``.</doc>
<status status="PASS" start="2024-05-28T06:25:18.104733" elapsed="0.513536"/>
</kw>
<kw name="Input Password" owner="SeleniumLibrary">
<msg time="2024-05-28T06:25:18.619274" level="INFO">Typing password into text field 'xpath://input[@type='password']'.</msg>
<msg time="2024-05-28T06:25:18.660110" level="INFO">Temporally setting log level to: NONE</msg>
<arg>xpath://input[@type='password']</arg>
<arg>${Password}</arg>
<doc>Types the given password into the text field identified by ``locator``.</doc>
<status status="PASS" start="2024-05-28T06:25:18.618269" elapsed="0.088536"/>
</kw>
<kw name="Click Button" owner="SeleniumLibrary">
<msg time="2024-05-28T06:25:18.707883" level="INFO">Clicking button 'xpath://button[@type='submit']'.</msg>
<arg>xpath://button[@type='submit']</arg>
<doc>Clicks the button identified by ``locator``.</doc>
<status status="PASS" start="2024-05-28T06:25:18.706805" elapsed="1.193439"/>
</kw>
<arg>${username}</arg>
<arg>${password}</arg>
<status status="PASS" start="2024-05-28T06:25:18.104733" elapsed="1.795511"/>
</kw>
<kw name="Set Selenium Implicit Wait" owner="SeleniumLibrary">
<arg>5</arg>
<doc>Sets the implicit wait value used by Selenium.</doc>
<status status="PASS" start="2024-05-28T06:25:19.900667" elapsed="0.001432"/>
</kw>
<kw name="verify the valid credentials" owner="LoginResources">
<kw name="Element Text Should Be" owner="SeleniumLibrary">
<msg time="2024-05-28T06:25:19.903106" level="INFO">Verifying element 'xpath://h6[text()="Dashboard"]' contains exact text 'Dashboard'.</msg>
<arg>${dashBoard}</arg>
<arg>Dashboard</arg>
<doc>Verifies that element ``locator`` contains exact the text ``expected``.</doc>
<status status="PASS" start="2024-05-28T06:25:19.902099" elapsed="0.391987"/>
</kw>
<status status="PASS" start="2024-05-28T06:25:19.902099" elapsed="0.391987"/>
</kw>
<kw name="Click on PIM Button" owner="PIMResources">
<kw name="Set Selenium Implicit Wait" owner="SeleniumLibrary">
<arg>5</arg>
<doc>Sets the implicit wait value used by Selenium.</doc>
<status status="PASS" start="2024-05-28T06:25:20.295090" elapsed="0.001000"/>
</kw>
<kw name="Click Element" owner="SeleniumLibrary">
<msg time="2024-05-28T06:25:20.297090" level="INFO">Clicking element 'xpath:(//span[@class="oxd-text oxd-text--span oxd-main-menu-item--name"])[2]'.</msg>
<arg>${PIM_button}</arg>
<doc>Click the element identified by ``locator``.</doc>
<status status="PASS" start="2024-05-28T06:25:20.297090" elapsed="1.203514"/>
</kw>
<status status="PASS" start="2024-05-28T06:25:20.295090" elapsed="1.205514"/>
</kw>
<kw name="click on Employee_list_button" owner="PIMResources">
<kw name="Click Element" owner="SeleniumLibrary">
<msg time="2024-05-28T06:25:21.501652" level="INFO">Clicking element 'xpath://a[text()='Employee List']'.</msg>
<arg>${Employee_list}</arg>
<doc>Click the element identified by ``locator``.</doc>
<status status="PASS" start="2024-05-28T06:25:21.501652" elapsed="1.138696"/>
</kw>
<status status="PASS" start="2024-05-28T06:25:21.501652" elapsed="1.138696"/>
</kw>
<kw name="Click the Add Button" owner="GenericResources">
<kw name="Wait Until Element Is Visible" owner="SeleniumLibrary">
<arg>${add_button}</arg>
<doc>Waits until the element ``locator`` is visible.</doc>
<status status="PASS" start="2024-05-28T06:25:22.640348" elapsed="0.383367"/>
</kw>
<kw name="Click Button" owner="SeleniumLibrary">
<msg time="2024-05-28T06:25:23.023715" level="INFO">Clicking button 'xpath=//button[@type="button"][@class="oxd-button oxd-button--medium oxd-button--secondary"]'.</msg>
<arg>${add_button}</arg>
<doc>Clicks the button identified by ``locator``.</doc>
<status status="PASS" start="2024-05-28T06:25:23.023715" elapsed="0.653220"/>
</kw>
<status status="PASS" start="2024-05-28T06:25:22.640348" elapsed="1.036587"/>
</kw>
<kw name="Fill the details to add employee" owner="PIMResources">
<kw name="Input Text" owner="SeleniumLibrary">
<msg time="2024-05-28T06:25:23.677943" level="INFO">Typing text 'aaa' into text field 'xpath://input[@name="firstName"]'.</msg>
<arg>${first_name}</arg>
<arg>${fname}</arg>
<doc>Types the given ``text`` into the text field identified by ``locator``.</doc>
<status status="PASS" start="2024-05-28T06:25:23.677943" elapsed="0.417370"/>
</kw>
<kw name="Input Text" owner="SeleniumLibrary">
<msg time="2024-05-28T06:25:24.096314" level="INFO">Typing text 'bbb' into text field 'xpath://input[@name="middleName"]'.</msg>
<arg>${middle_name}</arg>
<arg>${mname}</arg>
<doc>Types the given ``text`` into the text field identified by ``locator``.</doc>
<status status="PASS" start="2024-05-28T06:25:24.096314" elapsed="0.073925"/>
</kw>
<kw name="Input Text" owner="SeleniumLibrary">
<msg time="2024-05-28T06:25:24.171177" level="INFO">Typing text 'ccc' into text field 'xpath://input[@name="lastName"]'.</msg>
<arg>${last_name}</arg>
<arg>${lname}</arg>
<doc>Types the given ``text`` into the text field identified by ``locator``.</doc>
<status status="PASS" start="2024-05-28T06:25:24.170239" elapsed="0.061979"/>
</kw>
<arg>${fname}</arg>
<arg>${mname}</arg>
<arg>${lname}</arg>
<status status="PASS" start="2024-05-28T06:25:23.676935" elapsed="0.555283"/>
</kw>
<kw name="Wait Until Element Is Visible" owner="SeleniumLibrary">
<arg>${save_btn}</arg>
<arg>4s</arg>
<doc>Waits until the element ``locator`` is visible.</doc>
<status status="PASS" start="2024-05-28T06:25:24.232218" elapsed="0.019237"/>
</kw>
<kw name="click on save button" owner="PIMResources">
<kw name="Click Button" owner="SeleniumLibrary">
<msg time="2024-05-28T06:25:24.252459" level="INFO">Clicking button 'xpath://button[@type="submit"]'.</msg>
<arg>${save_btn}</arg>
<doc>Clicks the button identified by ``locator``.</doc>
<status status="PASS" start="2024-05-28T06:25:24.251455" elapsed="0.196683"/>
</kw>
<kw name="Element Text Should Be" owner="SeleniumLibrary">
<msg time="2024-05-28T06:25:24.449256" level="INFO">Verifying element 'xpath://p[@class="oxd-text oxd-text--p oxd-text--toast-message oxd-toast-content-text"]' contains exact text 'Successfully Saved'.</msg>
<msg time="2024-05-28T06:25:25.697346" level="INFO" html="true">&lt;/td&gt;&lt;/tr&gt;&lt;tr&gt;&lt;td colspan="3"&gt;&lt;a href="selenium-screenshot-5.png"&gt;&lt;img src="selenium-screenshot-5.png" width="800px"&gt;&lt;/a&gt;</msg>
<msg time="2024-05-28T06:25:25.697346" level="FAIL">The text of element 'xpath://p[@class="oxd-text oxd-text--p oxd-text--toast-message oxd-toast-content-text"]' should have been 'Successfully Saved' but it was ''.</msg>
<arg>${success_message}</arg>
<arg>Successfully Saved</arg>
<doc>Verifies that element ``locator`` contains exact the text ``expected``.</doc>
<status status="FAIL" start="2024-05-28T06:25:24.449256" elapsed="1.251573">The text of element 'xpath://p[@class="oxd-text oxd-text--p oxd-text--toast-message oxd-toast-content-text"]' should have been 'Successfully Saved' but it was ''.</status>
</kw>
<status status="FAIL" start="2024-05-28T06:25:24.251455" elapsed="1.449374">The text of element 'xpath://p[@class="oxd-text oxd-text--p oxd-text--toast-message oxd-toast-content-text"]' should have been 'Successfully Saved' but it was ''.</status>
</kw>
<kw name="Set Selenium Implicit Wait" owner="SeleniumLibrary">
<arg>5s</arg>
<doc>Sets the implicit wait value used by Selenium.</doc>
<status status="NOT RUN" start="2024-05-28T06:25:25.702305" elapsed="0.000000"/>
</kw>
<kw name="check whether page navigates to Personal info" owner="PIMResources">
<status status="NOT RUN" start="2024-05-28T06:25:25.702305" elapsed="0.000000"/>
</kw>
<arg>fname=aaa</arg>
<arg>mname=bbb</arg>
<arg>lname=ccc</arg>
<tag>smoke</tag>
<status status="FAIL" start="2024-05-28T06:25:18.104733" elapsed="7.597572">The text of element 'xpath://p[@class="oxd-text oxd-text--p oxd-text--toast-message oxd-toast-content-text"]' should have been 'Successfully Saved' but it was ''.</status>
</kw>
<kw name="Close Browser Session" owner="GenericResources" type="TEARDOWN">
<kw name="Close Browser" owner="SeleniumLibrary">
<doc>Closes the current browser.</doc>
<status status="PASS" start="2024-05-28T06:25:25.702305" elapsed="2.167075"/>
</kw>
<status status="PASS" start="2024-05-28T06:25:25.702305" elapsed="2.167075"/>
</kw>
<status status="FAIL" start="2024-05-28T06:25:13.072111" elapsed="14.797269">The text of element 'xpath://p[@class="oxd-text oxd-text--p oxd-text--toast-message oxd-toast-content-text"]' should have been 'Successfully Saved' but it was ''.</status>
</test>
<test id="s1-s1-s1-t3" name="Add new Employee" line="13">
<kw name="Open the Browser with URL" owner="GenericResources" type="SETUP">
<kw name="Create Webdriver" owner="SeleniumLibrary">
<msg time="2024-05-28T06:25:27.874715" level="INFO">Creating an instance of the Chrome WebDriver.</msg>
<arg>Chrome</arg>
<doc>Creates an instance of Selenium WebDriver.</doc>
<status status="PASS" start="2024-05-28T06:25:27.874715" elapsed="2.152454"/>
</kw>
<kw name="Go To" owner="SeleniumLibrary">
<msg time="2024-05-28T06:25:30.028447" level="INFO">Opening url 'https://opensource-demo.orangehrmlive.com/web/index.php/auth/login'</msg>
<arg>${url}</arg>
<doc>Navigates the current browser window to the provided ``url``.</doc>
<status status="PASS" start="2024-05-28T06:25:30.028447" elapsed="3.675799"/>
</kw>
<kw name="Maximize Browser Window" owner="SeleniumLibrary">
<doc>Maximizes current browser window.</doc>
<status status="PASS" start="2024-05-28T06:25:33.704246" elapsed="0.034445"/>
</kw>
<kw name="Set Selenium Implicit Wait" owner="SeleniumLibrary">
<arg>5</arg>
<doc>Sets the implicit wait value used by Selenium.</doc>
<status status="PASS" start="2024-05-28T06:25:33.738691" elapsed="0.002005"/>
</kw>
<status status="PASS" start="2024-05-28T06:25:27.873375" elapsed="5.867321"/>
</kw>
<kw name="Add new Employee">
<kw name="Fill the login form" owner="LoginResources">
<kw name="Input Text" owner="SeleniumLibrary">
<msg time="2024-05-28T06:25:33.742695" level="INFO">Typing text 'Admin' into text field 'xpath://input[@name='username']'.</msg>
<arg>xpath://input[@name='username']</arg>
<arg>${Username}</arg>
<doc>Types the given ``text`` into the text field identified by ``locator``.</doc>
<status status="PASS" start="2024-05-28T06:25:33.742695" elapsed="0.606172"/>
</kw>
<kw name="Input Password" owner="SeleniumLibrary">
<msg time="2024-05-28T06:25:34.349867" level="INFO">Typing password into text field 'xpath://input[@type='password']'.</msg>
<msg time="2024-05-28T06:25:34.462524" level="INFO">Temporally setting log level to: NONE</msg>
<arg>xpath://input[@type='password']</arg>
<arg>${Password}</arg>
<doc>Types the given password into the text field identified by ``locator``.</doc>
<status status="PASS" start="2024-05-28T06:25:34.348867" elapsed="0.375927"/>
</kw>
<kw name="Click Button" owner="SeleniumLibrary">
<msg time="2024-05-28T06:25:34.725761" level="INFO">Clicking button 'xpath://button[@type='submit']'.</msg>
<arg>xpath://button[@type='submit']</arg>
<doc>Clicks the button identified by ``locator``.</doc>
<status status="PASS" start="2024-05-28T06:25:34.725761" elapsed="1.288175"/>
</kw>
<arg>${username}</arg>
<arg>${password}</arg>
<status status="PASS" start="2024-05-28T06:25:33.741696" elapsed="2.273247"/>
</kw>
<kw name="Set Selenium Implicit Wait" owner="SeleniumLibrary">
<arg>5</arg>
<doc>Sets the implicit wait value used by Selenium.</doc>
<status status="PASS" start="2024-05-28T06:25:36.014943" elapsed="0.001212"/>
</kw>
<kw name="verify the valid credentials" owner="LoginResources">
<kw name="Element Text Should Be" owner="SeleniumLibrary">
<msg time="2024-05-28T06:25:36.016671" level="INFO">Verifying element 'xpath://h6[text()="Dashboard"]' contains exact text 'Dashboard'.</msg>
<arg>${dashBoard}</arg>
<arg>Dashboard</arg>
<doc>Verifies that element ``locator`` contains exact the text ``expected``.</doc>
<status status="PASS" start="2024-05-28T06:25:36.016671" elapsed="0.607532"/>
</kw>
<status status="PASS" start="2024-05-28T06:25:36.016155" elapsed="0.609048"/>
</kw>
<kw name="Click on PIM Button" owner="PIMResources">
<kw name="Set Selenium Implicit Wait" owner="SeleniumLibrary">
<arg>5</arg>
<doc>Sets the implicit wait value used by Selenium.</doc>
<status status="PASS" start="2024-05-28T06:25:36.625203" elapsed="0.002007"/>
</kw>
<kw name="Click Element" owner="SeleniumLibrary">
<msg time="2024-05-28T06:25:36.627210" level="INFO">Clicking element 'xpath:(//span[@class="oxd-text oxd-text--span oxd-main-menu-item--name"])[2]'.</msg>
<arg>${PIM_button}</arg>
<doc>Click the element identified by ``locator``.</doc>
<status status="PASS" start="2024-05-28T06:25:36.627210" elapsed="1.375796"/>
</kw>
<status status="PASS" start="2024-05-28T06:25:36.625203" elapsed="1.377803"/>
</kw>
<kw name="click on Employee_list_button" owner="PIMResources">
<kw name="Click Element" owner="SeleniumLibrary">
<msg time="2024-05-28T06:25:38.004010" level="INFO">Clicking element 'xpath://a[text()='Employee List']'.</msg>
<arg>${Employee_list}</arg>
<doc>Click the element identified by ``locator``.</doc>
<status status="PASS" start="2024-05-28T06:25:38.003006" elapsed="1.154569"/>
</kw>
<status status="PASS" start="2024-05-28T06:25:38.003006" elapsed="1.154569"/>
</kw>
<kw name="Click the Add Button" owner="GenericResources">
<kw name="Wait Until Element Is Visible" owner="SeleniumLibrary">
<arg>${add_button}</arg>
<doc>Waits until the element ``locator`` is visible.</doc>
<status status="PASS" start="2024-05-28T06:25:39.158577" elapsed="0.364476"/>
</kw>
<kw name="Click Button" owner="SeleniumLibrary">
<msg time="2024-05-28T06:25:39.523053" level="INFO">Clicking button 'xpath=//button[@type="button"][@class="oxd-button oxd-button--medium oxd-button--secondary"]'.</msg>
<arg>${add_button}</arg>
<doc>Clicks the button identified by ``locator``.</doc>
<status status="PASS" start="2024-05-28T06:25:39.523053" elapsed="0.616567"/>
</kw>
<status status="PASS" start="2024-05-28T06:25:39.158577" elapsed="0.981043"/>
</kw>
<kw name="Fill the details to add employee" owner="PIMResources">
<kw name="Input Text" owner="SeleniumLibrary">
<msg time="2024-05-28T06:25:40.140627" level="INFO">Typing text 'min' into text field 'xpath://input[@name="firstName"]'.</msg>
<arg>${first_name}</arg>
<arg>${fname}</arg>
<doc>Types the given ``text`` into the text field identified by ``locator``.</doc>
<status status="PASS" start="2024-05-28T06:25:40.140627" elapsed="0.509543"/>
</kw>
<kw name="Input Text" owner="SeleniumLibrary">
<msg time="2024-05-28T06:25:40.650170" level="INFO">Typing text '' into text field 'xpath://input[@name="middleName"]'.</msg>
<arg>${middle_name}</arg>
<arg>${mname}</arg>
<doc>Types the given ``text`` into the text field identified by ``locator``.</doc>
<status status="PASS" start="2024-05-28T06:25:40.650170" elapsed="0.071164"/>
</kw>
<kw name="Input Text" owner="SeleniumLibrary">
<msg time="2024-05-28T06:25:40.721334" level="INFO">Typing text 'user' into text field 'xpath://input[@name="lastName"]'.</msg>
<arg>${last_name}</arg>
<arg>${lname}</arg>
<doc>Types the given ``text`` into the text field identified by ``locator``.</doc>
<status status="PASS" start="2024-05-28T06:25:40.721334" elapsed="0.066691"/>
</kw>
<arg>${fname}</arg>
<arg>${mname}</arg>
<arg>${lname}</arg>
<status status="PASS" start="2024-05-28T06:25:40.139620" elapsed="0.648405"/>
</kw>
<kw name="Wait Until Element Is Visible" owner="SeleniumLibrary">
<arg>${save_btn}</arg>
<arg>4s</arg>
<doc>Waits until the element ``locator`` is visible.</doc>
<status status="PASS" start="2024-05-28T06:25:40.788717" elapsed="0.022485"/>
</kw>
<kw name="click on save button" owner="PIMResources">
<kw name="Click Button" owner="SeleniumLibrary">
<msg time="2024-05-28T06:25:40.812206" level="INFO">Clicking button 'xpath://button[@type="submit"]'.</msg>
<arg>${save_btn}</arg>
<doc>Clicks the button identified by ``locator``.</doc>
<status status="PASS" start="2024-05-28T06:25:40.812206" elapsed="0.185221"/>
</kw>
<kw name="Element Text Should Be" owner="SeleniumLibrary">
<msg time="2024-05-28T06:25:40.997427" level="INFO">Verifying element 'xpath://p[@class="oxd-text oxd-text--p oxd-text--toast-message oxd-toast-content-text"]' contains exact text 'Successfully Saved'.</msg>
<msg time="2024-05-28T06:25:42.619353" level="INFO" html="true">&lt;/td&gt;&lt;/tr&gt;&lt;tr&gt;&lt;td colspan="3"&gt;&lt;a href="selenium-screenshot-6.png"&gt;&lt;img src="selenium-screenshot-6.png" width="800px"&gt;&lt;/a&gt;</msg>
<msg time="2024-05-28T06:25:42.619353" level="FAIL">The text of element 'xpath://p[@class="oxd-text oxd-text--p oxd-text--toast-message oxd-toast-content-text"]' should have been 'Successfully Saved' but it was ''.</msg>
<arg>${success_message}</arg>
<arg>Successfully Saved</arg>
<doc>Verifies that element ``locator`` contains exact the text ``expected``.</doc>
<status status="FAIL" start="2024-05-28T06:25:40.997427" elapsed="1.623038">The text of element 'xpath://p[@class="oxd-text oxd-text--p oxd-text--toast-message oxd-toast-content-text"]' should have been 'Successfully Saved' but it was ''.</status>
</kw>
<status status="FAIL" start="2024-05-28T06:25:40.811202" elapsed="1.809263">The text of element 'xpath://p[@class="oxd-text oxd-text--p oxd-text--toast-message oxd-toast-content-text"]' should have been 'Successfully Saved' but it was ''.</status>
</kw>
<kw name="Set Selenium Implicit Wait" owner="SeleniumLibrary">
<arg>5s</arg>
<doc>Sets the implicit wait value used by Selenium.</doc>
<status status="NOT RUN" start="2024-05-28T06:25:42.620465" elapsed="0.000000"/>
</kw>
<kw name="check whether page navigates to Personal info" owner="PIMResources">
<status status="NOT RUN" start="2024-05-28T06:25:42.620465" elapsed="0.000000"/>
</kw>
<arg>fname=min</arg>
<arg>mname=</arg>
<arg>lname=user</arg>
<tag>smoke</tag>
<status status="FAIL" start="2024-05-28T06:25:33.741696" elapsed="8.878769">The text of element 'xpath://p[@class="oxd-text oxd-text--p oxd-text--toast-message oxd-toast-content-text"]' should have been 'Successfully Saved' but it was ''.</status>
</kw>
<kw name="Close Browser Session" owner="GenericResources" type="TEARDOWN">
<kw name="Close Browser" owner="SeleniumLibrary">
<doc>Closes the current browser.</doc>
<status status="PASS" start="2024-05-28T06:25:42.621492" elapsed="2.141070"/>
</kw>
<status status="PASS" start="2024-05-28T06:25:42.621492" elapsed="2.141070"/>
</kw>
<status status="FAIL" start="2024-05-28T06:25:27.869380" elapsed="16.893182">The text of element 'xpath://p[@class="oxd-text oxd-text--p oxd-text--toast-message oxd-toast-content-text"]' should have been 'Successfully Saved' but it was ''.</status>
</test>
<doc>Test for Add Employee</doc>
<status status="FAIL" start="2024-05-28T06:24:56.436861" elapsed="48.325701"/>
</suite>
<suite id="s1-s1-s2" name="Test CandidateSearch" source="E:\ProjectPiot\TestCases\Test_CandidateSearch.robot">
<test id="s1-s1-s2-t1" name="Candidate Search" line="17">
<kw name="Open the Browser with URL" owner="GenericResources" type="SETUP">
<kw name="Create Webdriver" owner="SeleniumLibrary">
<msg time="2024-05-28T06:25:44.787488" level="INFO">Creating an instance of the Chrome WebDriver.</msg>
<arg>Chrome</arg>
<doc>Creates an instance of Selenium WebDriver.</doc>
<status status="PASS" start="2024-05-28T06:25:44.787488" elapsed="1.670524"/>
</kw>
<kw name="Go To" owner="SeleniumLibrary">
<msg time="2024-05-28T06:25:46.459017" level="INFO">Opening url 'https://opensource-demo.orangehrmlive.com/web/index.php/auth/login'</msg>
<arg>${url}</arg>
<doc>Navigates the current browser window to the provided ``url``.</doc>
<status status="PASS" start="2024-05-28T06:25:46.458012" elapsed="0.674050"/>
</kw>
<kw name="Maximize Browser Window" owner="SeleniumLibrary">
<doc>Maximizes current browser window.</doc>
<status status="PASS" start="2024-05-28T06:25:47.133063" elapsed="1.843213"/>
</kw>
<kw name="Set Selenium Implicit Wait" owner="SeleniumLibrary">
<arg>5</arg>
<doc>Sets the implicit wait value used by Selenium.</doc>
<status status="PASS" start="2024-05-28T06:25:48.976276" elapsed="0.000998"/>
</kw>
<status status="PASS" start="2024-05-28T06:25:44.787488" elapsed="4.189786"/>
</kw>
<kw name="Fill the login form" owner="LoginResources">
<kw name="Input Text" owner="SeleniumLibrary">
<msg time="2024-05-28T06:25:48.978275" level="INFO">Typing text 'Admin' into text field 'xpath://input[@name='username']'.</msg>
<arg>xpath://input[@name='username']</arg>
<arg>${Username}</arg>
<doc>Types the given ``text`` into the text field identified by ``locator``.</doc>
<status status="PASS" start="2024-05-28T06:25:48.977274" elapsed="0.736291"/>
</kw>
<kw name="Input Password" owner="SeleniumLibrary">
<msg time="2024-05-28T06:25:49.714565" level="INFO">Typing password into text field 'xpath://input[@type='password']'.</msg>
<msg time="2024-05-28T06:25:49.771704" level="INFO">Temporally setting log level to: NONE</msg>
<arg>xpath://input[@type='password']</arg>
<arg>${Password}</arg>
<doc>Types the given password into the text field identified by ``locator``.</doc>
<status status="PASS" start="2024-05-28T06:25:49.713565" elapsed="0.148381"/>
</kw>
<kw name="Click Button" owner="SeleniumLibrary">
<msg time="2024-05-28T06:25:49.861946" level="INFO">Clicking button 'xpath://button[@type='submit']'.</msg>
<arg>xpath://button[@type='submit']</arg>
<doc>Clicks the button identified by ``locator``.</doc>
<status status="PASS" start="2024-05-28T06:25:49.861946" elapsed="0.051201"/>
</kw>
<arg>${username}</arg>
<arg>${password}</arg>
<status status="PASS" start="2024-05-28T06:25:48.977274" elapsed="0.937040"/>
</kw>
<kw name="Set Selenium Implicit Wait" owner="SeleniumLibrary">
<arg>5</arg>
<doc>Sets the implicit wait value used by Selenium.</doc>
<status status="PASS" start="2024-05-28T06:25:49.914314" elapsed="0.002004"/>
</kw>
<kw name="verify the valid credentials" owner="LoginResources">
<kw name="Element Text Should Be" owner="SeleniumLibrary">
<msg time="2024-05-28T06:25:49.917824" level="INFO">Verifying element 'xpath://h6[text()="Dashboard"]' contains exact text 'Dashboard'.</msg>
<arg>${dashBoard}</arg>
<arg>Dashboard</arg>
<doc>Verifies that element ``locator`` contains exact the text ``expected``.</doc>
<status status="PASS" start="2024-05-28T06:25:49.917824" elapsed="1.594234"/>
</kw>
<status status="PASS" start="2024-05-28T06:25:49.917318" elapsed="1.595742"/>
</kw>
<kw name="Click on Recruitment Icon" owner="RecruitmentResources">
<kw name="Click Link" owner="SeleniumLibrary">
<msg time="2024-05-28T06:25:51.513060" level="INFO">Clicking link 'xpath:(//a[@class="oxd-main-menu-item"])[5]'.</msg>
<arg>${recruitment_icon}</arg>
<doc>Clicks a link identified by ``locator``.</doc>
<status status="PASS" start="2024-05-28T06:25:51.513060" elapsed="1.342435"/>
</kw>
<status status="PASS" start="2024-05-28T06:25:51.513060" elapsed="1.343582"/>
</kw>
<kw name="click on candidate icon" owner="RecruitmentResources">
<kw name="Click Element" owner="SeleniumLibrary">
<msg time="2024-05-28T06:25:52.856642" level="INFO">Clicking element 'xpath://a[text()='Candidates']'.</msg>
<arg>${Candidate_icon}</arg>
<doc>Click the element identified by ``locator``.</doc>
<status status="PASS" start="2024-05-28T06:25:52.856642" elapsed="1.521660"/>
</kw>
<status status="PASS" start="2024-05-28T06:25:52.856642" elapsed="1.521660"/>
</kw>
<kw name="click on xpath to search candidate" owner="RecruitmentResources">
<kw name="Click Element" owner="SeleniumLibrary">
<msg time="2024-05-28T06:25:54.379305" level="INFO">Clicking element 'xpath:(//div[@class="oxd-select-text oxd-select-text--active"])[2]'.</msg>
<arg>${xpath_search}</arg>
<doc>Click the element identified by ``locator``.</doc>
<status status="PASS" start="2024-05-28T06:25:54.379305" elapsed="0.446442"/>
</kw>
<kw name="Wait Until Element Is Visible" owner="SeleniumLibrary">
<arg>${xpath_search}</arg>
<arg>5s</arg>
<doc>Waits until the element ``locator`` is visible.</doc>
<status status="PASS" start="2024-05-28T06:25:54.825747" elapsed="0.016258"/>
</kw>
<kw name="Wait Until Element Is Enabled" owner="SeleniumLibrary">
<arg>${xpath_search}</arg>
<arg>5s</arg>
<doc>Waits until the element ``locator`` is enabled.</doc>
<status status="PASS" start="2024-05-28T06:25:54.842005" elapsed="0.017917"/>
</kw>
<status status="PASS" start="2024-05-28T06:25:54.378302" elapsed="0.482620"/>
</kw>
<kw name="Dropdown functionality" owner="RecruitmentResources">
<kw name="Wait Until Element Is Visible" owner="SeleniumLibrary">
<arg>xpath://span[text()='${emp}']</arg>
<arg>5s</arg>
<doc>Waits until the element ``locator`` is visible.</doc>
<status status="PASS" start="2024-05-28T06:25:54.860922" elapsed="0.616780"/>
</kw>
<kw name="Click Element" owner="SeleniumLibrary">
<msg time="2024-05-28T06:25:55.477702" level="INFO">Clicking element 'xpath://span[text()='Senior QA Lead']'.</msg>
<arg>xpath://span[text()='${emp}']</arg>
<doc>Click the element identified by ``locator``.</doc>
<status status="PASS" start="2024-05-28T06:25:55.477702" elapsed="0.053864"/>
</kw>
<arg>Senior QA Lead</arg>
<status status="PASS" start="2024-05-28T06:25:54.860922" elapsed="0.670644"/>
</kw>
<kw name="click on search button" owner="PIMResources">
<kw name="Click Button" owner="SeleniumLibrary">
<msg time="2024-05-28T06:25:55.531566" level="INFO">Clicking button 'xpath://button[@class="oxd-button oxd-button--medium oxd-button--secondary orangehrm-left-space"]'.</msg>
<arg>${Search}</arg>
<doc>Clicks the button identified by ``locator``.</doc>
<status status="PASS" start="2024-05-28T06:25:55.531566" elapsed="0.280636"/>
</kw>
<status status="PASS" start="2024-05-28T06:25:55.531566" elapsed="0.282007"/>
</kw>
<kw name="check the count of record" owner="PIMResources">
<kw name="Get Element Count" owner="SeleniumLibrary">
<msg time="2024-05-28T06:26:00.854431" level="INFO">${count} = 0</msg>
<var>${count}</var>
<arg>${count_record}</arg>
<doc>Returns the number of elements matching ``locator``.</doc>
<status status="PASS" start="2024-05-28T06:25:55.813918" elapsed="5.040513"/>
</kw>
<return>
<value>${count}</value>
<status status="PASS" start="2024-05-28T06:26:00.854431" elapsed="0.000000"/>
</return>
<msg time="2024-05-28T06:26:00.854431" level="INFO">${count} = 0</msg>
<var>${count}</var>
<status status="PASS" start="2024-05-28T06:25:55.813918" elapsed="5.040513"/>
</kw>
<if>
<branch type="IF" condition="'${count}'== '0'">
<kw name="Log To Console" owner="BuiltIn">
<arg>${count} Records found</arg>
<doc>Logs the given message to the console.</doc>
<status status="PASS" start="2024-05-28T06:26:00.854431" elapsed="0.000983"/>
</kw>
<status status="PASS" start="2024-05-28T06:26:00.854431" elapsed="0.000983"/>
</branch>
<branch type="ELSE">
<kw name="Log To Console" owner="BuiltIn">
<arg>${count} Records Found</arg>
<doc>Logs the given message to the console.</doc>
<status status="NOT RUN" start="2024-05-28T06:26:00.855414" elapsed="0.000000"/>
</kw>
<status status="NOT RUN" start="2024-05-28T06:26:00.855414" elapsed="0.000000"/>
</branch>
<status status="PASS" start="2024-05-28T06:26:00.854431" elapsed="0.000983"/>
</if>
<kw name="Close Browser Session" owner="GenericResources" type="TEARDOWN">
<kw name="Close Browser" owner="SeleniumLibrary">
<doc>Closes the current browser.</doc>
<status status="PASS" start="2024-05-28T06:26:00.855414" elapsed="2.132141"/>
</kw>
<status status="PASS" start="2024-05-28T06:26:00.855414" elapsed="2.132141"/>
</kw>
<tag>Retest</tag>
<status status="PASS" start="2024-05-28T06:25:44.787488" elapsed="18.200067"/>
</test>
<doc>Test for Candidate Search</doc>
<status status="PASS" start="2024-05-28T06:25:44.762562" elapsed="18.226605"/>
</suite>
<suite id="s1-s1-s3" name="Test DeleteandEditRecord" source="E:\ProjectPiot\TestCases\Test_DeleteandEditRecord.robot">
<test id="s1-s1-s3-t1" name="Delete Employee" line="16">
<kw name="Open the Browser with URL" owner="GenericResources" type="SETUP">
<kw name="Create Webdriver" owner="SeleniumLibrary">
<msg time="2024-05-28T06:26:02.989167" level="INFO">Creating an instance of the Chrome WebDriver.</msg>
<arg>Chrome</arg>
<doc>Creates an instance of Selenium WebDriver.</doc>
<status status="PASS" start="2024-05-28T06:26:02.989167" elapsed="1.779276"/>
</kw>
<kw name="Go To" owner="SeleniumLibrary">
<msg time="2024-05-28T06:26:04.769443" level="INFO">Opening url 'https://opensource-demo.orangehrmlive.com/web/index.php/auth/login'</msg>
<arg>${url}</arg>
<doc>Navigates the current browser window to the provided ``url``.</doc>
<status status="PASS" start="2024-05-28T06:26:04.768443" elapsed="3.719766"/>
</kw>
<kw name="Maximize Browser Window" owner="SeleniumLibrary">
<doc>Maximizes current browser window.</doc>
<status status="PASS" start="2024-05-28T06:26:08.488209" elapsed="0.032244"/>
</kw>
<kw name="Set Selenium Implicit Wait" owner="SeleniumLibrary">
<arg>5</arg>
<doc>Sets the implicit wait value used by Selenium.</doc>
<status status="PASS" start="2024-05-28T06:26:08.520453" elapsed="0.001137"/>
</kw>
<status status="PASS" start="2024-05-28T06:26:02.989167" elapsed="5.532423"/>
</kw>
<kw name="Fill the login form" owner="LoginResources">
<kw name="Input Text" owner="SeleniumLibrary">
<msg time="2024-05-28T06:26:08.522596" level="INFO">Typing text 'Admin' into text field 'xpath://input[@name='username']'.</msg>
<arg>xpath://input[@name='username']</arg>
<arg>${Username}</arg>
<doc>Types the given ``text`` into the text field identified by ``locator``.</doc>
<status status="PASS" start="2024-05-28T06:26:08.522596" elapsed="0.466822"/>
</kw>
<kw name="Input Password" owner="SeleniumLibrary">
<msg time="2024-05-28T06:26:08.990418" level="INFO">Typing password into text field 'xpath://input[@type='password']'.</msg>
<msg time="2024-05-28T06:26:09.017893" level="INFO">Temporally setting log level to: NONE</msg>
<arg>xpath://input[@type='password']</arg>
<arg>${Password}</arg>
<doc>Types the given password into the text field identified by ``locator``.</doc>
<status status="PASS" start="2024-05-28T06:26:08.989418" elapsed="0.099414"/>
</kw>
<kw name="Click Button" owner="SeleniumLibrary">
<msg time="2024-05-28T06:26:09.088832" level="INFO">Clicking button 'xpath://button[@type='submit']'.</msg>
<arg>xpath://button[@type='submit']</arg>
<doc>Clicks the button identified by ``locator``.</doc>
<status status="PASS" start="2024-05-28T06:26:09.088832" elapsed="0.051304"/>
</kw>
<arg>${username}</arg>
<arg>${password}</arg>
<status status="PASS" start="2024-05-28T06:26:08.522596" elapsed="0.617540"/>
</kw>
<kw name="Set Selenium Implicit Wait" owner="SeleniumLibrary">
<arg>5</arg>
<doc>Sets the implicit wait value used by Selenium.</doc>
<status status="PASS" start="2024-05-28T06:26:09.140136" elapsed="0.002004"/>
</kw>
<kw name="verify the valid credentials" owner="LoginResources">
<kw name="Element Text Should Be" owner="SeleniumLibrary">
<msg time="2024-05-28T06:26:09.143142" level="INFO">Verifying element 'xpath://h6[text()="Dashboard"]' contains exact text 'Dashboard'.</msg>
<arg>${dashBoard}</arg>
<arg>Dashboard</arg>
<doc>Verifies that element ``locator`` contains exact the text ``expected``.</doc>
<status status="PASS" start="2024-05-28T06:26:09.142140" elapsed="1.531472"/>
</kw>
<status status="PASS" start="2024-05-28T06:26:09.142140" elapsed="1.531472"/>
</kw>
<kw name="Click on PIM Button" owner="PIMResources">
<kw name="Set Selenium Implicit Wait" owner="SeleniumLibrary">
<arg>5</arg>
<doc>Sets the implicit wait value used by Selenium.</doc>
<status status="PASS" start="2024-05-28T06:26:10.674620" elapsed="0.000997"/>
</kw>
<kw name="Click Element" owner="SeleniumLibrary">
<msg time="2024-05-28T06:26:10.675617" level="INFO">Clicking element 'xpath:(//span[@class="oxd-text oxd-text--span oxd-main-menu-item--name"])[2]'.</msg>
<arg>${PIM_button}</arg>
<doc>Click the element identified by ``locator``.</doc>
<status status="PASS" start="2024-05-28T06:26:10.675617" elapsed="1.177658"/>
</kw>
<status status="PASS" start="2024-05-28T06:26:10.673612" elapsed="1.179663"/>
</kw>
<kw name="click on Employee_list_button" owner="PIMResources">
<kw name="Click Element" owner="SeleniumLibrary">
<msg time="2024-05-28T06:26:11.854282" level="INFO">Clicking element 'xpath://a[text()='Employee List']'.</msg>
<arg>${Employee_list}</arg>
<doc>Click the element identified by ``locator``.</doc>
<status status="PASS" start="2024-05-28T06:26:11.853275" elapsed="1.242938"/>
</kw>
<status status="PASS" start="2024-05-28T06:26:11.853275" elapsed="1.244052"/>
</kw>
<kw name="click on delete button" owner="PIMResources">
<kw name="Wait Until Element Is Visible" owner="SeleniumLibrary">
<arg>${delete_btn}</arg>
<doc>Waits until the element ``locator`` is visible.</doc>
<status status="PASS" start="2024-05-28T06:26:13.097327" elapsed="1.119793"/>
</kw>
<kw name="Click Element" owner="SeleniumLibrary">
<msg time="2024-05-28T06:26:14.217120" level="INFO">Clicking element 'xpath:(//button/i[@class="oxd-icon bi-trash"])[5]'.</msg>
<arg>${delete_btn}</arg>
<doc>Click the element identified by ``locator``.</doc>
<status status="PASS" start="2024-05-28T06:26:14.217120" elapsed="0.041675"/>
</kw>
<status status="PASS" start="2024-05-28T06:26:13.097327" elapsed="1.162411"/>
</kw>
<kw name="Click the Yes Button" owner="PIMResources">
<kw name="Wait Until Element Is Visible" owner="SeleniumLibrary">
<arg>${yes_del_btn}</arg>
<doc>Waits until the element ``locator`` is visible.</doc>
<status status="PASS" start="2024-05-28T06:26:14.259738" elapsed="0.234226"/>
</kw>
<kw name="Click Element" owner="SeleniumLibrary">
<msg time="2024-05-28T06:26:14.494997" level="INFO">Clicking element 'xpath:(//div[@class='orangehrm-modal-footer']//button)[2]'.</msg>
<arg>${yes_del_btn}</arg>
<doc>Click the element identified by ``locator``.</doc>
<status status="PASS" start="2024-05-28T06:26:14.494997" elapsed="0.044717"/>
</kw>
<status status="PASS" start="2024-05-28T06:26:14.259738" elapsed="0.279976"/>
</kw>
<kw name="Verify the employee is deleted" owner="PIMResources">
<kw name="Element Should Be Visible" owner="SeleniumLibrary">
<msg time="2024-05-28T06:26:14.945686" level="INFO">Element 'xpath://p[text()='Successfully Deleted']' is displayed.</msg>
<arg>${success_deleted}</arg>
<arg>Successfully Deleted</arg>
<doc>Verifies that the element identified by ``locator`` is visible.</doc>
<status status="PASS" start="2024-05-28T06:26:14.540722" elapsed="0.404964"/>
</kw>
<status status="PASS" start="2024-05-28T06:26:14.539714" elapsed="0.405972"/>
</kw>
<kw name="Close Browser Session" owner="GenericResources" type="TEARDOWN">
<kw name="Close Browser" owner="SeleniumLibrary">
<doc>Closes the current browser.</doc>
<status status="PASS" start="2024-05-28T06:26:14.947105" elapsed="2.099249"/>
</kw>
<status status="PASS" start="2024-05-28T06:26:14.947105" elapsed="2.099249"/>
</kw>
<tag>regression</tag>
<status status="PASS" start="2024-05-28T06:26:02.989167" elapsed="14.057187"/>
</test>
<test id="s1-s1-s3-t2" name="Edit Employee Details" line="27">
<kw name="Open the Browser with URL" owner="GenericResources" type="SETUP">
<kw name="Create Webdriver" owner="SeleniumLibrary">
<msg time="2024-05-28T06:26:17.046354" level="INFO">Creating an instance of the Chrome WebDriver.</msg>
<arg>Chrome</arg>
<doc>Creates an instance of Selenium WebDriver.</doc>
<status status="PASS" start="2024-05-28T06:26:17.046354" elapsed="1.648202"/>
</kw>
<kw name="Go To" owner="SeleniumLibrary">
<msg time="2024-05-28T06:26:18.695146" level="INFO">Opening url 'https://opensource-demo.orangehrmlive.com/web/index.php/auth/login'</msg>
<arg>${url}</arg>
<doc>Navigates the current browser window to the provided ``url``.</doc>
<status status="PASS" start="2024-05-28T06:26:18.694556" elapsed="3.450021"/>
</kw>
<kw name="Maximize Browser Window" owner="SeleniumLibrary">
<doc>Maximizes current browser window.</doc>
<status status="PASS" start="2024-05-28T06:26:22.144577" elapsed="0.021948"/>
</kw>
<kw name="Set Selenium Implicit Wait" owner="SeleniumLibrary">
<arg>5</arg>
<doc>Sets the implicit wait value used by Selenium.</doc>
<status status="PASS" start="2024-05-28T06:26:22.166525" elapsed="0.001005"/>
</kw>
<status status="PASS" start="2024-05-28T06:26:17.046354" elapsed="5.121176"/>
</kw>
<kw name="Fill the login form" owner="LoginResources">
<kw name="Input Text" owner="SeleniumLibrary">
<msg time="2024-05-28T06:26:22.168529" level="INFO">Typing text 'Admin' into text field 'xpath://input[@name='username']'.</msg>
<arg>xpath://input[@name='username']</arg>
<arg>${Username}</arg>
<doc>Types the given ``text`` into the text field identified by ``locator``.</doc>
<status status="PASS" start="2024-05-28T06:26:22.168529" elapsed="0.518012"/>
</kw>
<kw name="Input Password" owner="SeleniumLibrary">
<msg time="2024-05-28T06:26:22.687553" level="INFO">Typing password into text field 'xpath://input[@type='password']'.</msg>
<msg time="2024-05-28T06:26:22.720847" level="INFO">Temporally setting log level to: NONE</msg>
<arg>xpath://input[@type='password']</arg>
<arg>${Password}</arg>
<doc>Types the given password into the text field identified by ``locator``.</doc>
<status status="PASS" start="2024-05-28T06:26:22.686541" elapsed="0.124785"/>
</kw>
<kw name="Click Button" owner="SeleniumLibrary">
<msg time="2024-05-28T06:26:22.811326" level="INFO">Clicking button 'xpath://button[@type='submit']'.</msg>
<arg>xpath://button[@type='submit']</arg>
<doc>Clicks the button identified by ``locator``.</doc>
<status status="PASS" start="2024-05-28T06:26:22.811326" elapsed="0.061751"/>
</kw>
<arg>${username}</arg>
<arg>${password}</arg>
<status status="PASS" start="2024-05-28T06:26:22.167530" elapsed="0.705547"/>
</kw>
<kw name="Set Selenium Implicit Wait" owner="SeleniumLibrary">
<arg>5</arg>
<doc>Sets the implicit wait value used by Selenium.</doc>
<status status="PASS" start="2024-05-28T06:26:22.873077" elapsed="0.001553"/>
</kw>
<kw name="verify the valid credentials" owner="LoginResources">
<kw name="Element Text Should Be" owner="SeleniumLibrary">
<msg time="2024-05-28T06:26:22.875631" level="INFO">Verifying element 'xpath://h6[text()="Dashboard"]' contains exact text 'Dashboard'.</msg>
<arg>${dashBoard}</arg>
<arg>Dashboard</arg>
<doc>Verifies that element ``locator`` contains exact the text ``expected``.</doc>
<status status="PASS" start="2024-05-28T06:26:22.875631" elapsed="1.579008"/>
</kw>
<status status="PASS" start="2024-05-28T06:26:22.874630" elapsed="1.580009"/>
</kw>
<kw name="Click on PIM Button" owner="PIMResources">
<kw name="Set Selenium Implicit Wait" owner="SeleniumLibrary">
<arg>5</arg>
<doc>Sets the implicit wait value used by Selenium.</doc>
<status status="PASS" start="2024-05-28T06:26:24.454639" elapsed="0.001001"/>
</kw>
<kw name="Click Element" owner="SeleniumLibrary">
<msg time="2024-05-28T06:26:24.456639" level="INFO">Clicking element 'xpath:(//span[@class="oxd-text oxd-text--span oxd-main-menu-item--name"])[2]'.</msg>
<arg>${PIM_button}</arg>
<doc>Click the element identified by ``locator``.</doc>
<status status="PASS" start="2024-05-28T06:26:24.456639" elapsed="1.323084"/>
</kw>
<status status="PASS" start="2024-05-28T06:26:24.454639" elapsed="1.325084"/>
</kw>
<kw name="click on Employee_list_button" owner="PIMResources">
<kw name="Click Element" owner="SeleniumLibrary">
<msg time="2024-05-28T06:26:25.780723" level="INFO">Clicking element 'xpath://a[text()='Employee List']'.</msg>
<arg>${Employee_list}</arg>
<doc>Click the element identified by ``locator``.</doc>
<status status="PASS" start="2024-05-28T06:26:25.780723" elapsed="1.010966"/>
</kw>
<status status="PASS" start="2024-05-28T06:26:25.780723" elapsed="1.010966"/>
</kw>
<kw name="click on edit button" owner="PIMResources">
<kw name="Wait Until Element Is Visible" owner="SeleniumLibrary">
<arg>${edit_btn}</arg>
<doc>Waits until the element ``locator`` is visible.</doc>
<status status="PASS" start="2024-05-28T06:26:26.792695" elapsed="1.248658"/>
</kw>
<kw name="Click Element" owner="SeleniumLibrary">
<msg time="2024-05-28T06:26:28.041353" level="INFO">Clicking element 'xpath:(//i[@class="oxd-icon bi-pencil-fill"])[5]'.</msg>
<arg>${edit_btn}</arg>
<doc>Click the element identified by ``locator``.</doc>
<status status="PASS" start="2024-05-28T06:26:28.041353" elapsed="0.517167"/>
</kw>
<kw name="Element Text Should Be" owner="SeleniumLibrary">
<msg time="2024-05-28T06:26:28.558520" level="INFO">Verifying element 'xpath://h6[text()='PIM']' contains exact text 'PIM'.</msg>
<arg>${Page_navigate}</arg>
<arg>PIM</arg>
<doc>Verifies that element ``locator`` contains exact the text ``expected``.</doc>
<status status="PASS" start="2024-05-28T06:26:28.558520" elapsed="0.385807"/>
</kw>
<status status="PASS" start="2024-05-28T06:26:26.791689" elapsed="2.152638"/>
</kw>
<kw name="Close Browser Session" owner="GenericResources" type="TEARDOWN">
<kw name="Close Browser" owner="SeleniumLibrary">
<doc>Closes the current browser.</doc>
<status status="PASS" start="2024-05-28T06:26:28.944327" elapsed="2.124331"/>
</kw>
<status status="PASS" start="2024-05-28T06:26:28.944327" elapsed="2.124331"/>
</kw>
<status status="PASS" start="2024-05-28T06:26:17.046354" elapsed="14.022304"/>
</test>
<doc>Test for Delete and edit record on employee list</doc>
<status status="PASS" start="2024-05-28T06:26:02.989167" elapsed="28.079491"/>
</suite>
<suite id="s1-s1-s4" name="Test EmployeeLeaveList" source="E:\ProjectPiot\TestCases\Test_EmployeeLeaveList.robot">
<test id="s1-s1-s4-t1" name="List the employess on leave" line="16">
<kw name="Open the Browser with URL" owner="GenericResources" type="SETUP">
<kw name="Create Webdriver" owner="SeleniumLibrary">
<msg time="2024-05-28T06:26:31.068658" level="INFO">Creating an instance of the Chrome WebDriver.</msg>
<arg>Chrome</arg>
<doc>Creates an instance of Selenium WebDriver.</doc>
<status status="PASS" start="2024-05-28T06:26:31.068658" elapsed="1.542308"/>
</kw>
<kw name="Go To" owner="SeleniumLibrary">
<msg time="2024-05-28T06:26:32.611972" level="INFO">Opening url 'https://opensource-demo.orangehrmlive.com/web/index.php/auth/login'</msg>
<arg>${url}</arg>
<doc>Navigates the current browser window to the provided ``url``.</doc>
<status status="PASS" start="2024-05-28T06:26:32.610966" elapsed="2.804011"/>
</kw>
<kw name="Maximize Browser Window" owner="SeleniumLibrary">
<doc>Maximizes current browser window.</doc>
<status status="PASS" start="2024-05-28T06:26:35.414977" elapsed="0.019397"/>
</kw>
<kw name="Set Selenium Implicit Wait" owner="SeleniumLibrary">
<arg>5</arg>
<doc>Sets the implicit wait value used by Selenium.</doc>
<status status="PASS" start="2024-05-28T06:26:35.434374" elapsed="0.003849"/>
</kw>
<status status="PASS" start="2024-05-28T06:26:31.068658" elapsed="4.369565"/>
</kw>
<kw name="Get count of employees on leave" owner="EmployeeLeaveList">
<kw name="Get Element Count" owner="SeleniumLibrary">
<msg time="2024-05-28T06:26:40.442007" level="INFO">${count} = 0</msg>
<var>${count}</var>
<arg>${employee_list_parent}</arg>
<doc>Returns the number of elements matching ``locator``.</doc>
<status status="PASS" start="2024-05-28T06:26:35.438223" elapsed="5.003784"/>
</kw>
<return>
<value>${count}</value>
<status status="PASS" start="2024-05-28T06:26:40.442007" elapsed="0.000000"/>
</return>
<msg time="2024-05-28T06:26:40.443015" level="INFO">${count} = 0</msg>
<var>${count}</var>
<status status="PASS" start="2024-05-28T06:26:35.438223" elapsed="5.004792"/>
</kw>
<kw name="Run Keyword If" owner="BuiltIn">
<kw name="Log To Console" owner="BuiltIn">
<arg>${count} Employees on leave</arg>
<doc>Logs the given message to the console.</doc>
<status status="PASS" start="2024-05-28T06:26:40.443015" elapsed="0.000000"/>
</kw>
<arg>${count} == 0</arg>
<arg>Log To Console</arg>
<arg>${count} Employees on leave</arg>
<arg>ELSE</arg>
<arg>EmployeeLeaveList.Log employee leave records</arg>
<doc>Runs the given keyword with the given arguments, if ``condition`` is true.</doc>
<status status="PASS" start="2024-05-28T06:26:40.443015" elapsed="0.000999"/>
</kw>
<kw name="Close Browser Session" owner="GenericResources" type="TEARDOWN">
<kw name="Close Browser" owner="SeleniumLibrary">
<doc>Closes the current browser.</doc>
<status status="PASS" start="2024-05-28T06:26:40.444014" elapsed="2.107515"/>
</kw>
<status status="PASS" start="2024-05-28T06:26:40.444014" elapsed="2.107515"/>
</kw>
<tag>regression</tag>
<status status="PASS" start="2024-05-28T06:26:31.068658" elapsed="11.482871"/>
</test>
<doc>Test for Recruitment in employees on leave</doc>
<status status="PASS" start="2024-05-28T06:26:31.068658" elapsed="11.482871"/>
</suite>
<suite id="s1-s1-s5" name="Test EmployeeList" source="E:\ProjectPiot\TestCases\Test_EmployeeList.robot">
<test id="s1-s1-s5-t1" name="Employee Information" line="15">
<kw name="Open the Browser with URL" owner="GenericResources" type="SETUP">
<kw name="Create Webdriver" owner="SeleniumLibrary">
<msg time="2024-05-28T06:26:42.598455" level="INFO">Creating an instance of the Chrome WebDriver.</msg>
<arg>Chrome</arg>
<doc>Creates an instance of Selenium WebDriver.</doc>
<status status="PASS" start="2024-05-28T06:26:42.598455" elapsed="1.623463"/>
</kw>
<kw name="Go To" owner="SeleniumLibrary">
<msg time="2024-05-28T06:26:44.222457" level="INFO">Opening url 'https://opensource-demo.orangehrmlive.com/web/index.php/auth/login'</msg>
<arg>${url}</arg>
<doc>Navigates the current browser window to the provided ``url``.</doc>
<status status="PASS" start="2024-05-28T06:26:44.222457" elapsed="5.863564"/>
</kw>
<kw name="Maximize Browser Window" owner="SeleniumLibrary">
<doc>Maximizes current browser window.</doc>
<status status="PASS" start="2024-05-28T06:26:50.086021" elapsed="0.023298"/>
</kw>
<kw name="Set Selenium Implicit Wait" owner="SeleniumLibrary">
<arg>5</arg>
<doc>Sets the implicit wait value used by Selenium.</doc>
<status status="PASS" start="2024-05-28T06:26:50.109319" elapsed="0.004678"/>
</kw>
<status status="PASS" start="2024-05-28T06:26:42.598455" elapsed="7.515542"/>
</kw>
<kw name="Employee Information">
<kw name="Fill the login form" owner="LoginResources">
<kw name="Input Text" owner="SeleniumLibrary">
<msg time="2024-05-28T06:26:50.115608" level="INFO">Typing text 'Admin' into text field 'xpath://input[@name='username']'.</msg>
<arg>xpath://input[@name='username']</arg>
<arg>${Username}</arg>
<doc>Types the given ``text`` into the text field identified by ``locator``.</doc>
<status status="PASS" start="2024-05-28T06:26:50.114359" elapsed="0.570253"/>
</kw>
<kw name="Input Password" owner="SeleniumLibrary">
<msg time="2024-05-28T06:26:50.687821" level="INFO">Typing password into text field 'xpath://input[@type='password']'.</msg>
<msg time="2024-05-28T06:26:50.745188" level="INFO">Temporally setting log level to: NONE</msg>
<arg>xpath://input[@type='password']</arg>
<arg>${Password}</arg>
<doc>Types the given password into the text field identified by ``locator``.</doc>
<status status="PASS" start="2024-05-28T06:26:50.684612" elapsed="0.175844"/>
</kw>
<kw name="Click Button" owner="SeleniumLibrary">
<msg time="2024-05-28T06:26:50.860456" level="INFO">Clicking button 'xpath://button[@type='submit']'.</msg>
<arg>xpath://button[@type='submit']</arg>
<doc>Clicks the button identified by ``locator``.</doc>
<status status="PASS" start="2024-05-28T06:26:50.860456" elapsed="0.121538"/>
</kw>
<arg>${username}</arg>
<arg>${password}</arg>
<status status="PASS" start="2024-05-28T06:26:50.114359" elapsed="0.867635"/>
</kw>
<kw name="Set Selenium Implicit Wait" owner="SeleniumLibrary">
<arg>5</arg>
<doc>Sets the implicit wait value used by Selenium.</doc>
<status status="PASS" start="2024-05-28T06:26:50.983575" elapsed="0.000511"/>
</kw>
<kw name="verify the valid credentials" owner="LoginResources">
<kw name="Element Text Should Be" owner="SeleniumLibrary">
<msg time="2024-05-28T06:26:50.984086" level="INFO">Verifying element 'xpath://h6[text()="Dashboard"]' contains exact text 'Dashboard'.</msg>
<arg>${dashBoard}</arg>
<arg>Dashboard</arg>
<doc>Verifies that element ``locator`` contains exact the text ``expected``.</doc>
<status status="PASS" start="2024-05-28T06:26:50.984086" elapsed="2.798693"/>
</kw>
<status status="PASS" start="2024-05-28T06:26:50.984086" elapsed="2.798693"/>
</kw>
<kw name="Click on PIM Button" owner="PIMResources">
<kw name="Set Selenium Implicit Wait" owner="SeleniumLibrary">
<arg>5</arg>
<doc>Sets the implicit wait value used by Selenium.</doc>
<status status="PASS" start="2024-05-28T06:26:53.782779" elapsed="0.002458"/>
</kw>
<kw name="Click Element" owner="SeleniumLibrary">
<msg time="2024-05-28T06:26:53.785237" level="INFO">Clicking element 'xpath:(//span[@class="oxd-text oxd-text--span oxd-main-menu-item--name"])[2]'.</msg>
<arg>${PIM_button}</arg>
<doc>Click the element identified by ``locator``.</doc>
<status status="PASS" start="2024-05-28T06:26:53.785237" elapsed="1.686923"/>
</kw>
<status status="PASS" start="2024-05-28T06:26:53.782779" elapsed="1.689381"/>
</kw>
<kw name="click on Employee_list_button" owner="PIMResources">
<kw name="Click Element" owner="SeleniumLibrary">
<msg time="2024-05-28T06:26:55.472972" level="INFO">Clicking element 'xpath://a[text()='Employee List']'.</msg>
<arg>${Employee_list}</arg>
<doc>Click the element identified by ``locator``.</doc>
<status status="PASS" start="2024-05-28T06:26:55.472972" elapsed="1.369024"/>
</kw>
<status status="PASS" start="2024-05-28T06:26:55.472972" elapsed="1.369024"/>
</kw>
<kw name="Fill the Employee Information with name and id" owner="PIMResources">
<kw name="Input Text" owner="SeleniumLibrary">
<msg time="2024-05-28T06:26:56.841996" level="INFO">Typing text 'Qwerty Qwerty LName' into text field 'xpath:(//input[@placeholder="Type for hints..."])'.</msg>
<arg>${Employee_Name_Xpath}</arg>
<arg>${emp_name}</arg>
<doc>Types the given ``text`` into the text field identified by ``locator``.</doc>
<status status="PASS" start="2024-05-28T06:26:56.841996" elapsed="0.612516"/>
</kw>
<kw name="Input Text" owner="SeleniumLibrary">
<msg time="2024-05-28T06:26:57.455350" level="INFO">Typing text '1234' into text field 'xpath:(//input[@class="oxd-input oxd-input--active"])[2]'.</msg>
<arg>${Employee_Id_Xpath}</arg>
<arg>${emp_id}</arg>
<doc>Types the given ``text`` into the text field identified by ``locator``.</doc>
<status status="PASS" start="2024-05-28T06:26:57.455350" elapsed="0.148267"/>
</kw>
<arg>${Employee_Name}</arg>
<arg>${Employee_Id}</arg>
<status status="PASS" start="2024-05-28T06:26:56.841996" elapsed="0.761621"/>
</kw>
<kw name="click on search button" owner="PIMResources">
<kw name="Click Button" owner="SeleniumLibrary">
<msg time="2024-05-28T06:26:57.603617" level="INFO">Clicking button 'xpath://button[@class="oxd-button oxd-button--medium oxd-button--secondary orangehrm-left-space"]'.</msg>
<arg>${Search}</arg>
<doc>Clicks the button identified by ``locator``.</doc>
<status status="PASS" start="2024-05-28T06:26:57.603617" elapsed="0.526178"/>
</kw>
<status status="PASS" start="2024-05-28T06:26:57.603617" elapsed="0.526178"/>
</kw>
<kw name="check the count of record" owner="PIMResources">
<kw name="Get Element Count" owner="SeleniumLibrary">
<msg time="2024-05-28T06:26:58.145101" level="INFO">${count} = 1</msg>
<var>${count}</var>
<arg>${count_record}</arg>
<doc>Returns the number of elements matching ``locator``.</doc>
<status status="PASS" start="2024-05-28T06:26:58.130810" elapsed="0.014291"/>
</kw>
<return>
<value>${count}</value>
<status status="PASS" start="2024-05-28T06:26:58.145101" elapsed="0.000000"/>
</return>
<msg time="2024-05-28T06:26:58.145101" level="INFO">${count} = 1</msg>
<var>${count}</var>
<status status="PASS" start="2024-05-28T06:26:58.129795" elapsed="0.015306"/>
</kw>
<if>
<branch type="IF" condition="'${count}'== '0'">
<kw name="Log To Console" owner="BuiltIn">
<arg>${count} Records found</arg>
<doc>Logs the given message to the console.</doc>
<status status="NOT RUN" start="2024-05-28T06:26:58.145101" elapsed="0.000000"/>
</kw>
<status status="NOT RUN" start="2024-05-28T06:26:58.145101" elapsed="0.000000"/>
</branch>
<branch type="ELSE">
<kw name="Log To Console" owner="BuiltIn">
<arg>${count} Records Found</arg>
<doc>Logs the given message to the console.</doc>
<status status="PASS" start="2024-05-28T06:26:58.145101" elapsed="0.000000"/>
</kw>
<status status="PASS" start="2024-05-28T06:26:58.145101" elapsed="0.000000"/>
</branch>
<status status="PASS" start="2024-05-28T06:26:58.145101" elapsed="0.000000"/>
</if>
<arg>Employee_Name=Qwerty Qwerty LName</arg>
<arg>Employee_Id=1234</arg>
<tag>smoke</tag>
<status status="PASS" start="2024-05-28T06:26:50.114359" elapsed="8.030742"/>
</kw>
<kw name="Close Browser Session" owner="GenericResources" type="TEARDOWN">
<kw name="Close Browser" owner="SeleniumLibrary">
<doc>Closes the current browser.</doc>
<status status="PASS" start="2024-05-28T06:26:58.145101" elapsed="2.216210"/>
</kw>
<status status="PASS" start="2024-05-28T06:26:58.145101" elapsed="2.216210"/>
</kw>
<status status="PASS" start="2024-05-28T06:26:42.598455" elapsed="17.762856"/>
</test>
<doc>Test for Employee List</doc>
<status status="PASS" start="2024-05-28T06:26:42.551529" elapsed="17.809782"/>
</suite>
<suite id="s1-s1-s6" name="Test EmployeeListWithField" source="E:\ProjectPiot\TestCases\Test_EmployeeListWithField.robot">
<test id="s1-s1-s6-t1" name="Employee Information with All fields" line="14">
<kw name="Open the Browser with URL" owner="GenericResources" type="SETUP">
<kw name="Create Webdriver" owner="SeleniumLibrary">
<msg time="2024-05-28T06:27:00.454132" level="INFO">Creating an instance of the Chrome WebDriver.</msg>
<arg>Chrome</arg>
<doc>Creates an instance of Selenium WebDriver.</doc>
<status status="PASS" start="2024-05-28T06:27:00.454132" elapsed="2.044488"/>
</kw>
<kw name="Go To" owner="SeleniumLibrary">
<msg time="2024-05-28T06:27:02.498620" level="INFO">Opening url 'https://opensource-demo.orangehrmlive.com/web/index.php/auth/login'</msg>
<arg>${url}</arg>
<doc>Navigates the current browser window to the provided ``url``.</doc>
<status status="PASS" start="2024-05-28T06:27:02.498620" elapsed="3.848791"/>
</kw>
<kw name="Maximize Browser Window" owner="SeleniumLibrary">
<doc>Maximizes current browser window.</doc>
<status status="PASS" start="2024-05-28T06:27:06.347411" elapsed="0.032777"/>
</kw>
<kw name="Set Selenium Implicit Wait" owner="SeleniumLibrary">
<arg>5</arg>
<doc>Sets the implicit wait value used by Selenium.</doc>
<status status="PASS" start="2024-05-28T06:27:06.380188" elapsed="0.000000"/>
</kw>
<status status="PASS" start="2024-05-28T06:27:00.454132" elapsed="5.926056"/>
</kw>
<kw name="Employee Information with All fields except sub unit">
<kw name="Fill the login form" owner="LoginResources">
<kw name="Input Text" owner="SeleniumLibrary">
<msg time="2024-05-28T06:27:06.380188" level="INFO">Typing text 'Admin' into text field 'xpath://input[@name='username']'.</msg>
<arg>xpath://input[@name='username']</arg>
<arg>${Username}</arg>
<doc>Types the given ``text`` into the text field identified by ``locator``.</doc>
<status status="PASS" start="2024-05-28T06:27:06.380188" elapsed="0.589119"/>
</kw>
<kw name="Input Password" owner="SeleniumLibrary">
<msg time="2024-05-28T06:27:06.969307" level="INFO">Typing password into text field 'xpath://input[@type='password']'.</msg>
<msg time="2024-05-28T06:27:07.025704" level="INFO">Temporally setting log level to: NONE</msg>
<arg>xpath://input[@type='password']</arg>
<arg>${Password}</arg>
<doc>Types the given password into the text field identified by ``locator``.</doc>
<status status="PASS" start="2024-05-28T06:27:06.969307" elapsed="0.154860"/>
</kw>
<kw name="Click Button" owner="SeleniumLibrary">
<msg time="2024-05-28T06:27:07.124167" level="INFO">Clicking button 'xpath://button[@type='submit']'.</msg>
<arg>xpath://button[@type='submit']</arg>
<doc>Clicks the button identified by ``locator``.</doc>
<status status="PASS" start="2024-05-28T06:27:07.124167" elapsed="0.116041"/>
</kw>
<arg>${username}</arg>
<arg>${password}</arg>
<status status="PASS" start="2024-05-28T06:27:06.380188" elapsed="0.860020"/>
</kw>
<kw name="Set Selenium Implicit Wait" owner="SeleniumLibrary">
<arg>5</arg>
<doc>Sets the implicit wait value used by Selenium.</doc>
<status status="PASS" start="2024-05-28T06:27:07.240208" elapsed="0.002097"/>
</kw>
<kw name="verify the valid credentials" owner="LoginResources">
<kw name="Element Text Should Be" owner="SeleniumLibrary">
<msg time="2024-05-28T06:27:07.242305" level="INFO">Verifying element 'xpath://h6[text()="Dashboard"]' contains exact text 'Dashboard'.</msg>
<arg>${dashBoard}</arg>
<arg>Dashboard</arg>
<doc>Verifies that element ``locator`` contains exact the text ``expected``.</doc>
<status status="PASS" start="2024-05-28T06:27:07.242305" elapsed="1.684658"/>
</kw>
<status status="PASS" start="2024-05-28T06:27:07.242305" elapsed="1.684658"/>
</kw>
<kw name="Click on PIM Button" owner="PIMResources">
<kw name="Set Selenium Implicit Wait" owner="SeleniumLibrary">
<arg>5</arg>
<doc>Sets the implicit wait value used by Selenium.</doc>
<status status="PASS" start="2024-05-28T06:27:08.926963" elapsed="0.008201"/>
</kw>
<kw name="Click Element" owner="SeleniumLibrary">
<msg time="2024-05-28T06:27:08.935164" level="INFO">Clicking element 'xpath:(//span[@class="oxd-text oxd-text--span oxd-main-menu-item--name"])[2]'.</msg>
<arg>${PIM_button}</arg>
<doc>Click the element identified by ``locator``.</doc>
<status status="PASS" start="2024-05-28T06:27:08.935164" elapsed="1.473722"/>
</kw>
<status status="PASS" start="2024-05-28T06:27:08.926963" elapsed="1.481923"/>
</kw>
<kw name="click on Employee_list_button" owner="PIMResources">
<kw name="Click Element" owner="SeleniumLibrary">
<msg time="2024-05-28T06:27:10.408886" level="INFO">Clicking element 'xpath://a[text()='Employee List']'.</msg>
<arg>${Employee_list}</arg>
<doc>Click the element identified by ``locator``.</doc>
<status status="PASS" start="2024-05-28T06:27:10.408886" elapsed="1.047157"/>
</kw>
<status status="PASS" start="2024-05-28T06:27:10.408886" elapsed="1.047157"/>
</kw>
<kw name="Fill the Employee Information with name and id" owner="PIMResources">
<kw name="Input Text" owner="SeleniumLibrary">
<msg time="2024-05-28T06:27:11.456043" level="INFO">Typing text 'Peter Mac Anderson' into text field 'xpath:(//input[@placeholder="Type for hints..."])'.</msg>
<arg>${Employee_Name_Xpath}</arg>
<arg>${emp_name}</arg>
<doc>Types the given ``text`` into the text field identified by ``locator``.</doc>
<status status="PASS" start="2024-05-28T06:27:11.456043" elapsed="0.638473"/>
</kw>
<kw name="Input Text" owner="SeleniumLibrary">
<msg time="2024-05-28T06:27:12.095405" level="INFO">Typing text '7' into text field 'xpath:(//input[@class="oxd-input oxd-input--active"])[2]'.</msg>
<arg>${Employee_Id_Xpath}</arg>
<arg>${emp_id}</arg>
<doc>Types the given ``text`` into the text field identified by ``locator``.</doc>
<status status="PASS" start="2024-05-28T06:27:12.095405" elapsed="0.165010"/>
</kw>
<arg>${Employee_Name}</arg>
<arg>${Employee_Id}</arg>
<status status="PASS" start="2024-05-28T06:27:11.456043" elapsed="0.804372"/>
</kw>
<kw name="Fill the Employee Information with xpath" owner="PIMResources">
<kw name="Click Element" owner="SeleniumLibrary">
<msg time="2024-05-28T06:27:12.260415" level="INFO">Clicking element 'xpath:(//div[@class="oxd-select-text oxd-select-text--active"][normalize-space()='-- Select --'])[1]'.</msg>
<arg>${Dropdown_xpath}</arg>
<doc>Click the element identified by ``locator``.</doc>
<status status="PASS" start="2024-05-28T06:27:12.260415" elapsed="0.095258"/>
</kw>
<kw name="Wait Until Element Is Visible" owner="SeleniumLibrary">
<arg>${Dropdown_xpath}</arg>
<arg>5s</arg>
<doc>Waits until the element ``locator`` is visible.</doc>
<status status="PASS" start="2024-05-28T06:27:12.355673" elapsed="0.032840"/>
</kw>
<kw name="Wait Until Element Is Enabled" owner="SeleniumLibrary">
<arg>${Dropdown_xpath}</arg>
<arg>5s</arg>
<doc>Waits until the element ``locator`` is enabled.</doc>
<status status="PASS" start="2024-05-28T06:27:12.388513" elapsed="0.050629"/>
</kw>
<status status="PASS" start="2024-05-28T06:27:12.260415" elapsed="0.178727"/>
</kw>
<kw name="Dropdown functionality" owner="PIMResources">
<kw name="Wait Until Element Is Visible" owner="SeleniumLibrary">
<arg>xpath://span[text()='${emp}']</arg>
<arg>5s</arg>
<doc>Waits until the element ``locator`` is visible.</doc>
<status status="PASS" start="2024-05-28T06:27:12.439142" elapsed="0.323073"/>
</kw>
<kw name="Click Element" owner="SeleniumLibrary">
<msg time="2024-05-28T06:27:12.763245" level="INFO">Clicking element 'xpath://span[text()='Full-Time Probation']'.</msg>
<arg>xpath://span[text()='${emp}']</arg>
<doc>Click the element identified by ``locator``.</doc>
<status status="PASS" start="2024-05-28T06:27:12.763245" elapsed="0.062362"/>
</kw>
<arg>${Employee_Status}</arg>
<status status="PASS" start="2024-05-28T06:27:12.439142" elapsed="0.386465"/>
</kw>
<kw name="Fill the Employee Information with xpath" owner="PIMResources">
<kw name="Click Element" owner="SeleniumLibrary">
<msg time="2024-05-28T06:27:12.825607" level="INFO">Clicking element 'xpath:(//div[@class="oxd-select-text oxd-select-text--active"][normalize-space()='-- Select --'])[1]'.</msg>
<arg>${Dropdown_xpath}</arg>
<doc>Click the element identified by ``locator``.</doc>
<status status="PASS" start="2024-05-28T06:27:12.825607" elapsed="0.046854"/>
</kw>
<kw name="Wait Until Element Is Visible" owner="SeleniumLibrary">
<arg>${Dropdown_xpath}</arg>
<arg>5s</arg>
<doc>Waits until the element ``locator`` is visible.</doc>
<status status="PASS" start="2024-05-28T06:27:12.872461" elapsed="0.021519"/>
</kw>
<kw name="Wait Until Element Is Enabled" owner="SeleniumLibrary">
<arg>${Dropdown_xpath}</arg>
<arg>5s</arg>
<doc>Waits until the element ``locator`` is enabled.</doc>
<status status="PASS" start="2024-05-28T06:27:12.893980" elapsed="0.022559"/>
</kw>
<status status="PASS" start="2024-05-28T06:27:12.825607" elapsed="0.094161"/>
</kw>
<kw name="Dropdown functionality" owner="PIMResources">
<kw name="Wait Until Element Is Visible" owner="SeleniumLibrary">
<arg>xpath://span[text()='${emp}']</arg>
<arg>5s</arg>
<doc>Waits until the element ``locator`` is visible.</doc>
<status status="PASS" start="2024-05-28T06:27:12.919768" elapsed="0.017223"/>
</kw>
<kw name="Click Element" owner="SeleniumLibrary">
<msg time="2024-05-28T06:27:12.941138" level="INFO">Clicking element 'xpath://span[text()='Chief Financial Officer']'.</msg>
<arg>xpath://span[text()='${emp}']</arg>
<doc>Click the element identified by ``locator``.</doc>
<status status="PASS" start="2024-05-28T06:27:12.941138" elapsed="0.354021"/>
</kw>
<arg>${Job_Title}</arg>
<status status="PASS" start="2024-05-28T06:27:12.919768" elapsed="0.375391"/>
</kw>
<kw name="click on search button" owner="PIMResources">
<kw name="Click Button" owner="SeleniumLibrary">
<msg time="2024-05-28T06:27:13.295159" level="INFO">Clicking button 'xpath://button[@class="oxd-button oxd-button--medium oxd-button--secondary orangehrm-left-space"]'.</msg>
<arg>${Search}</arg>
<doc>Clicks the button identified by ``locator``.</doc>
<status status="PASS" start="2024-05-28T06:27:13.295159" elapsed="0.122362"/>
</kw>
<status status="PASS" start="2024-05-28T06:27:13.295159" elapsed="0.122362"/>
</kw>
<kw name="check the count of record" owner="PIMResources">
<kw name="Get Element Count" owner="SeleniumLibrary">
<msg time="2024-05-28T06:27:13.505644" level="INFO">${count} = 1</msg>
<var>${count}</var>
<arg>${count_record}</arg>
<doc>Returns the number of elements matching ``locator``.</doc>
<status status="PASS" start="2024-05-28T06:27:13.417521" elapsed="0.088123"/>
</kw>
<return>
<value>${count}</value>
<status status="PASS" start="2024-05-28T06:27:13.505644" elapsed="0.000000"/>
</return>
<msg time="2024-05-28T06:27:13.505644" level="INFO">${count} = 1</msg>
<var>${count}</var>
<status status="PASS" start="2024-05-28T06:27:13.417521" elapsed="0.088123"/>
</kw>
<if>
<branch type="IF" condition="'${count}'== '0'">
<kw name="Log To Console" owner="BuiltIn">
<arg>${count} Records found</arg>
<doc>Logs the given message to the console.</doc>
<status status="NOT RUN" start="2024-05-28T06:27:13.505644" elapsed="0.000000"/>
</kw>
<status status="NOT RUN" start="2024-05-28T06:27:13.505644" elapsed="0.000000"/>
</branch>
<branch type="ELSE">
<kw name="Log To Console" owner="BuiltIn">
<arg>${count} Records Found</arg>
<doc>Logs the given message to the console.</doc>
<status status="PASS" start="2024-05-28T06:27:13.505644" elapsed="0.000000"/>
</kw>
<status status="PASS" start="2024-05-28T06:27:13.505644" elapsed="0.000000"/>
</branch>
<status status="PASS" start="2024-05-28T06:27:13.505644" elapsed="0.000000"/>
</if>
<arg>Employee_Name=Peter Mac Anderson</arg>
<arg>Employee_Id=7</arg>
<arg>Employee_Status=Full-Time Probation</arg>
<arg>Job_Title=Chief Financial Officer</arg>
<arg>Sub_Unit=Administration</arg>
<tag>smoke</tag>
<status status="PASS" start="2024-05-28T06:27:06.380188" elapsed="7.125456"/>
</kw>
<kw name="Close Browser Session" owner="GenericResources" type="TEARDOWN">
<kw name="Close Browser" owner="SeleniumLibrary">
<doc>Closes the current browser.</doc>
<status status="PASS" start="2024-05-28T06:27:13.505644" elapsed="2.210957"/>
</kw>
<status status="PASS" start="2024-05-28T06:27:13.505644" elapsed="2.210957"/>
</kw>
<status status="PASS" start="2024-05-28T06:27:00.446974" elapsed="15.269627"/>
</test>
<doc>Test for Employee List with all fields</doc>
<status status="PASS" start="2024-05-28T06:27:00.361311" elapsed="15.355290"/>
</suite>
<suite id="s1-s1-s7" name="Test InvalidAddEmployee" source="E:\ProjectPiot\TestCases\Test_InvalidAddEmployee.robot">
<test id="s1-s1-s7-t1" name="Invalid details for Add Employee" line="13">
<kw name="Open the Browser with URL" owner="GenericResources" type="SETUP">
<kw name="Create Webdriver" owner="SeleniumLibrary">
<msg time="2024-05-28T06:27:15.779928" level="INFO">Creating an instance of the Chrome WebDriver.</msg>
<arg>Chrome</arg>
<doc>Creates an instance of Selenium WebDriver.</doc>
<status status="PASS" start="2024-05-28T06:27:15.779928" elapsed="1.737748"/>
</kw>
<kw name="Go To" owner="SeleniumLibrary">
<msg time="2024-05-28T06:27:17.517676" level="INFO">Opening url 'https://opensource-demo.orangehrmlive.com/web/index.php/auth/login'</msg>
<arg>${url}</arg>
<doc>Navigates the current browser window to the provided ``url``.</doc>
<status status="PASS" start="2024-05-28T06:27:17.517676" elapsed="12.297190"/>
</kw>
<kw name="Maximize Browser Window" owner="SeleniumLibrary">
<doc>Maximizes current browser window.</doc>
<status status="PASS" start="2024-05-28T06:27:29.814866" elapsed="0.027790"/>
</kw>
<kw name="Set Selenium Implicit Wait" owner="SeleniumLibrary">
<arg>5</arg>
<doc>Sets the implicit wait value used by Selenium.</doc>
<status status="PASS" start="2024-05-28T06:27:29.842656" elapsed="0.001619"/>
</kw>
<status status="PASS" start="2024-05-28T06:27:15.779928" elapsed="14.064347"/>
</kw>
<kw name="Invalid details for Add Employee">
<kw name="Fill the login form" owner="LoginResources">
<kw name="Input Text" owner="SeleniumLibrary">
<msg time="2024-05-28T06:27:29.845517" level="INFO">Typing text 'Admin' into text field 'xpath://input[@name='username']'.</msg>
<arg>xpath://input[@name='username']</arg>
<arg>${Username}</arg>
<doc>Types the given ``text`` into the text field identified by ``locator``.</doc>
<status status="PASS" start="2024-05-28T06:27:29.845517" elapsed="0.695465"/>
</kw>
<kw name="Input Password" owner="SeleniumLibrary">
<msg time="2024-05-28T06:27:30.541987" level="INFO">Typing password into text field 'xpath://input[@type='password']'.</msg>
<msg time="2024-05-28T06:27:30.594455" level="INFO">Temporally setting log level to: NONE</msg>
<arg>xpath://input[@type='password']</arg>
<arg>${Password}</arg>
<doc>Types the given password into the text field identified by ``locator``.</doc>
<status status="PASS" start="2024-05-28T06:27:30.540982" elapsed="0.122397"/>
</kw>
<kw name="Click Button" owner="SeleniumLibrary">
<msg time="2024-05-28T06:27:30.663379" level="INFO">Clicking button 'xpath://button[@type='submit']'.</msg>
<arg>xpath://button[@type='submit']</arg>
<doc>Clicks the button identified by ``locator``.</doc>
[...]
</kw>
<kw name="Input Password" owner="SeleniumLibrary">
<msg time="2024-05-28T06:31:33.494012" level="INFO">Typing password into text field 'xpath://input[@type='password']'.</msg>
<msg time="2024-05-28T06:31:33.568588" level="INFO">Temporally setting log level to: NONE</msg>
<arg>xpath://input[@type='password']</arg>
<arg>${Password}</arg>
<doc>Types the given password into the text field identified by ``locator``.</doc>
<status status="PASS" start="2024-05-28T06:31:33.492409" elapsed="0.200317"/>
</kw>
<kw name="Click Button" owner="SeleniumLibrary">
<msg time="2024-05-28T06:31:33.692726" level="INFO">Clicking button 'xpath://button[@type='submit']'.</msg>
<arg>xpath://button[@type='submit']</arg>
<doc>Clicks the button identified by ``locator``.</doc>
<status status="PASS" start="2024-05-28T06:31:33.692726" elapsed="1.319678"/>
</kw>
<arg>${username}</arg>
<arg>${password}</arg>
<status status="PASS" start="2024-05-28T06:31:32.865374" elapsed="2.147030"/>
</kw>
<kw name="Set Selenium Implicit Wait" owner="SeleniumLibrary">
<arg>5</arg>
<doc>Sets the implicit wait value used by Selenium.</doc>
<status status="PASS" start="2024-05-28T06:31:35.012404" elapsed="0.000000"/>
</kw>
<kw name="verify the valid credentials" owner="LoginResources">
<kw name="Element Text Should Be" owner="SeleniumLibrary">
<msg time="2024-05-28T06:31:35.016310" level="INFO">Verifying element 'xpath://h6[text()="Dashboard"]' contains exact text 'Dashboard'.</msg>
<arg>${dashBoard}</arg>
<arg>Dashboard</arg>
<doc>Verifies that element ``locator`` contains exact the text ``expected``.</doc>
<status status="PASS" start="2024-05-28T06:31:35.016310" elapsed="0.679087"/>
</kw>
<status status="PASS" start="2024-05-28T06:31:35.012404" elapsed="0.682993"/>
</kw>
<kw name="Click on PIM Button" owner="PIMResources">
<kw name="Set Selenium Implicit Wait" owner="SeleniumLibrary">
<arg>5</arg>
<doc>Sets the implicit wait value used by Selenium.</doc>
<status status="PASS" start="2024-05-28T06:31:35.696403" elapsed="0.004309"/>
</kw>
<kw name="Click Element" owner="SeleniumLibrary">
<msg time="2024-05-28T06:31:35.702186" level="INFO">Clicking element 'xpath:(//span[@class="oxd-text oxd-text--span oxd-main-menu-item--name"])[2]'.</msg>
<arg>${PIM_button}</arg>
<doc>Click the element identified by ``locator``.</doc>
<status status="PASS" start="2024-05-28T06:31:35.700712" elapsed="1.215571"/>
</kw>
<status status="PASS" start="2024-05-28T06:31:35.696403" elapsed="1.219880"/>
</kw>
<kw name="click on add_employee" owner="PIMResources">
<kw name="Click Element" owner="SeleniumLibrary">
<msg time="2024-05-28T06:31:36.916283" level="INFO">Clicking element 'xpath://a[text()='Add Employee']'.</msg>
<arg>${Add_employee}</arg>
<doc>Click the element identified by ``locator``.</doc>
<status status="PASS" start="2024-05-28T06:31:36.916283" elapsed="1.211300"/>
</kw>
<status status="PASS" start="2024-05-28T06:31:36.916283" elapsed="1.211300"/>
</kw>
<kw name="Fill the details to add employee" owner="PIMResources">
<kw name="Input Text" owner="SeleniumLibrary">
<msg time="2024-05-28T06:31:38.127583" level="INFO">Typing text 'aaa' into text field 'xpath://input[@name="firstName"]'.</msg>
<arg>${first_name}</arg>
<arg>${fname}</arg>
<doc>Types the given ``text`` into the text field identified by ``locator``.</doc>
<status status="PASS" start="2024-05-28T06:31:38.127583" elapsed="0.567738"/>
</kw>
<kw name="Input Text" owner="SeleniumLibrary">
<msg time="2024-05-28T06:31:38.695321" level="INFO">Typing text 'bbb' into text field 'xpath://input[@name="middleName"]'.</msg>
<arg>${middle_name}</arg>
<arg>${mname}</arg>
<doc>Types the given ``text`` into the text field identified by ``locator``.</doc>
<status status="PASS" start="2024-05-28T06:31:38.695321" elapsed="0.130249"/>
</kw>
<kw name="Input Text" owner="SeleniumLibrary">
<msg time="2024-05-28T06:31:38.825570" level="INFO">Typing text 'ccc' into text field 'xpath://input[@name="lastName"]'.</msg>
<arg>${last_name}</arg>
<arg>${lname}</arg>
<doc>Types the given ``text`` into the text field identified by ``locator``.</doc>
<status status="PASS" start="2024-05-28T06:31:38.825570" elapsed="0.120047"/>
</kw>
<arg>${fname}</arg>
<arg>${mname}</arg>
<arg>${lname}</arg>
<status status="PASS" start="2024-05-28T06:31:38.127583" elapsed="0.818034"/>
</kw>
<kw name="Wait Until Element Is Visible" owner="SeleniumLibrary">
<arg>${save_btn}</arg>
<arg>4s</arg>
<doc>Waits until the element ``locator`` is visible.</doc>
<status status="PASS" start="2024-05-28T06:31:38.945617" elapsed="0.027423"/>
</kw>
<kw name="click on save button" owner="PIMResources">
<kw name="Click Button" owner="SeleniumLibrary">
<msg time="2024-05-28T06:31:38.973040" level="INFO">Clicking button 'xpath://button[@type="submit"]'.</msg>
<arg>${save_btn}</arg>
<doc>Clicks the button identified by ``locator``.</doc>
<status status="PASS" start="2024-05-28T06:31:38.973040" elapsed="0.105721"/>
</kw>
<kw name="Element Text Should Be" owner="SeleniumLibrary">
<msg time="2024-05-28T06:31:39.078761" level="INFO">Verifying element 'xpath://p[@class="oxd-text oxd-text--p oxd-text--toast-message oxd-toast-content-text"]' contains exact text 'Successfully Saved'.</msg>
<msg time="2024-05-28T06:31:44.260709" level="INFO" html="true">&lt;/td&gt;&lt;/tr&gt;&lt;tr&gt;&lt;td colspan="3"&gt;&lt;a href="selenium-screenshot-2.png"&gt;&lt;img src="selenium-screenshot-2.png" width="800px"&gt;&lt;/a&gt;</msg>
<msg time="2024-05-28T06:31:44.260709" level="FAIL">Element with locator 'xpath://p[@class="oxd-text oxd-text--p oxd-text--toast-message oxd-toast-content-text"]' not found.</msg>
<arg>${success_message}</arg>
<arg>Successfully Saved</arg>
<doc>Verifies that element ``locator`` contains exact the text ``expected``.</doc>
<status status="FAIL" start="2024-05-28T06:31:39.078761" elapsed="5.185964">Element with locator 'xpath://p[@class="oxd-text oxd-text--p oxd-text--toast-message oxd-toast-content-text"]' not found.</status>
</kw>
<status status="FAIL" start="2024-05-28T06:31:38.973040" elapsed="5.291685">Element with locator 'xpath://p[@class="oxd-text oxd-text--p oxd-text--toast-message oxd-toast-content-text"]' not found.</status>
</kw>
<kw name="Set Selenium Implicit Wait" owner="SeleniumLibrary">
<arg>4s</arg>
<doc>Sets the implicit wait value used by Selenium.</doc>
<status status="NOT RUN" start="2024-05-28T06:31:44.264725" elapsed="0.000000"/>
</kw>
<arg>fname=aaa</arg>
<arg>mname=bbb</arg>
<arg>lname=ccc</arg>
<tag>regression</tag>
<tag>smoke</tag>
<status status="FAIL" start="2024-05-28T06:31:32.865374" elapsed="11.399351">Element with locator 'xpath://p[@class="oxd-text oxd-text--p oxd-text--toast-message oxd-toast-content-text"]' not found.</status>
</kw>
<kw name="Close Browser Session" owner="GenericResources" type="TEARDOWN">
<kw name="Close Browser" owner="SeleniumLibrary">
<doc>Closes the current browser.</doc>
<status status="PASS" start="2024-05-28T06:31:44.264725" elapsed="2.266109"/>
</kw>
<status status="PASS" start="2024-05-28T06:31:44.264725" elapsed="2.266109"/>
</kw>
<status status="FAIL" start="2024-05-28T06:31:26.615624" elapsed="19.915210">Element with locator 'xpath://p[@class="oxd-text oxd-text--p oxd-text--toast-message oxd-toast-content-text"]' not found.</status>
</test>
<test id="s1-s1-s12-t3" name="Add Employee" line="14">
<kw name="Open the Browser with URL" owner="GenericResources" type="SETUP">
<kw name="Create Webdriver" owner="SeleniumLibrary">
<msg time="2024-05-28T06:31:46.530834" level="INFO">Creating an instance of the Chrome WebDriver.</msg>
<arg>Chrome</arg>
<doc>Creates an instance of Selenium WebDriver.</doc>
<status status="PASS" start="2024-05-28T06:31:46.530834" elapsed="1.851051"/>
</kw>
<kw name="Go To" owner="SeleniumLibrary">
<msg time="2024-05-28T06:31:48.381885" level="INFO">Opening url 'https://opensource-demo.orangehrmlive.com/web/index.php/auth/login'</msg>
<arg>${url}</arg>
<doc>Navigates the current browser window to the provided ``url``.</doc>
<status status="PASS" start="2024-05-28T06:31:48.381885" elapsed="13.003707"/>
</kw>
<kw name="Maximize Browser Window" owner="SeleniumLibrary">
<doc>Maximizes current browser window.</doc>
<status status="PASS" start="2024-05-28T06:32:01.385592" elapsed="0.030257"/>
</kw>
<kw name="Set Selenium Implicit Wait" owner="SeleniumLibrary">
<arg>5</arg>
<doc>Sets the implicit wait value used by Selenium.</doc>
<status status="PASS" start="2024-05-28T06:32:01.415849" elapsed="0.000000"/>
</kw>
<status status="PASS" start="2024-05-28T06:31:46.530834" elapsed="14.885015"/>
</kw>
<kw name="Add Employee">
<kw name="Fill the login form" owner="LoginResources">
<kw name="Input Text" owner="SeleniumLibrary">
<msg time="2024-05-28T06:32:01.415849" level="INFO">Typing text 'Admin' into text field 'xpath://input[@name='username']'.</msg>
<arg>xpath://input[@name='username']</arg>
<arg>${Username}</arg>
<doc>Types the given ``text`` into the text field identified by ``locator``.</doc>
<status status="PASS" start="2024-05-28T06:32:01.415849" elapsed="0.845053"/>
</kw>
<kw name="Input Password" owner="SeleniumLibrary">
<msg time="2024-05-28T06:32:02.260902" level="INFO">Typing password into text field 'xpath://input[@type='password']'.</msg>
<msg time="2024-05-28T06:32:02.344386" level="INFO">Temporally setting log level to: NONE</msg>
<arg>xpath://input[@type='password']</arg>
<arg>${Password}</arg>
<doc>Types the given password into the text field identified by ``locator``.</doc>
<status status="PASS" start="2024-05-28T06:32:02.260902" elapsed="0.173103"/>
</kw>
<kw name="Click Button" owner="SeleniumLibrary">
<msg time="2024-05-28T06:32:02.434005" level="INFO">Clicking button 'xpath://button[@type='submit']'.</msg>
<arg>xpath://button[@type='submit']</arg>
<doc>Clicks the button identified by ``locator``.</doc>
<status status="PASS" start="2024-05-28T06:32:02.434005" elapsed="0.090389"/>
</kw>
<arg>${username}</arg>
<arg>${password}</arg>
<status status="PASS" start="2024-05-28T06:32:01.415849" elapsed="1.108545"/>
</kw>
<kw name="Set Selenium Implicit Wait" owner="SeleniumLibrary">
<arg>5</arg>
<doc>Sets the implicit wait value used by Selenium.</doc>
<status status="PASS" start="2024-05-28T06:32:02.526899" elapsed="0.002714"/>
</kw>
<kw name="verify the valid credentials" owner="LoginResources">
<kw name="Element Text Should Be" owner="SeleniumLibrary">
<msg time="2024-05-28T06:32:02.530904" level="INFO">Verifying element 'xpath://h6[text()="Dashboard"]' contains exact text 'Dashboard'.</msg>
<arg>${dashBoard}</arg>
<arg>Dashboard</arg>
<doc>Verifies that element ``locator`` contains exact the text ``expected``.</doc>
<status status="PASS" start="2024-05-28T06:32:02.529613" elapsed="1.965908"/>
</kw>
<status status="PASS" start="2024-05-28T06:32:02.529613" elapsed="1.965908"/>
</kw>
<kw name="Click on PIM Button" owner="PIMResources">
<kw name="Set Selenium Implicit Wait" owner="SeleniumLibrary">
<arg>5</arg>
<doc>Sets the implicit wait value used by Selenium.</doc>
<status status="PASS" start="2024-05-28T06:32:04.495521" elapsed="0.000000"/>
</kw>
<kw name="Click Element" owner="SeleniumLibrary">
<msg time="2024-05-28T06:32:04.498527" level="INFO">Clicking element 'xpath:(//span[@class="oxd-text oxd-text--span oxd-main-menu-item--name"])[2]'.</msg>
<arg>${PIM_button}</arg>
<doc>Click the element identified by ``locator``.</doc>
<status status="PASS" start="2024-05-28T06:32:04.495521" elapsed="1.395906"/>
</kw>
<status status="PASS" start="2024-05-28T06:32:04.495521" elapsed="1.395906"/>
</kw>
<kw name="click on add_employee" owner="PIMResources">
<kw name="Click Element" owner="SeleniumLibrary">
<msg time="2024-05-28T06:32:05.893106" level="INFO">Clicking element 'xpath://a[text()='Add Employee']'.</msg>
<arg>${Add_employee}</arg>
<doc>Click the element identified by ``locator``.</doc>
<status status="PASS" start="2024-05-28T06:32:05.893106" elapsed="1.592624"/>
</kw>
<status status="PASS" start="2024-05-28T06:32:05.891427" elapsed="1.594303"/>
</kw>
<kw name="Fill the details to add employee" owner="PIMResources">
<kw name="Input Text" owner="SeleniumLibrary">
<msg time="2024-05-28T06:32:07.485730" level="INFO">Typing text 'min' into text field 'xpath://input[@name="firstName"]'.</msg>
<arg>${first_name}</arg>
<arg>${fname}</arg>
<doc>Types the given ``text`` into the text field identified by ``locator``.</doc>
<status status="PASS" start="2024-05-28T06:32:07.485730" elapsed="0.646586"/>
</kw>
<kw name="Input Text" owner="SeleniumLibrary">
<msg time="2024-05-28T06:32:08.133378" level="INFO">Typing text '' into text field 'xpath://input[@name="middleName"]'.</msg>
<arg>${middle_name}</arg>
<arg>${mname}</arg>
<doc>Types the given ``text`` into the text field identified by ``locator``.</doc>
<status status="PASS" start="2024-05-28T06:32:08.133378" elapsed="0.151823"/>
</kw>
<kw name="Input Text" owner="SeleniumLibrary">
<msg time="2024-05-28T06:32:08.285201" level="INFO">Typing text 'user' into text field 'xpath://input[@name="lastName"]'.</msg>
<arg>${last_name}</arg>
<arg>${lname}</arg>
<doc>Types the given ``text`` into the text field identified by ``locator``.</doc>
<status status="PASS" start="2024-05-28T06:32:08.285201" elapsed="0.129290"/>
</kw>
<arg>${fname}</arg>
<arg>${mname}</arg>
<arg>${lname}</arg>
<status status="PASS" start="2024-05-28T06:32:07.485730" elapsed="0.929506"/>
</kw>
<kw name="Wait Until Element Is Visible" owner="SeleniumLibrary">
<arg>${save_btn}</arg>
<arg>4s</arg>
<doc>Waits until the element ``locator`` is visible.</doc>
<status status="PASS" start="2024-05-28T06:32:08.415236" elapsed="0.032154"/>
</kw>
<kw name="click on save button" owner="PIMResources">
<kw name="Click Button" owner="SeleniumLibrary">
<msg time="2024-05-28T06:32:08.448558" level="INFO">Clicking button 'xpath://button[@type="submit"]'.</msg>
<arg>${save_btn}</arg>
<doc>Clicks the button identified by ``locator``.</doc>
<status status="PASS" start="2024-05-28T06:32:08.448558" elapsed="0.088154"/>
</kw>
<kw name="Element Text Should Be" owner="SeleniumLibrary">
<msg time="2024-05-28T06:32:08.536712" level="INFO">Verifying element 'xpath://p[@class="oxd-text oxd-text--p oxd-text--toast-message oxd-toast-content-text"]' contains exact text 'Successfully Saved'.</msg>
<msg time="2024-05-28T06:32:13.687499" level="INFO" html="true">&lt;/td&gt;&lt;/tr&gt;&lt;tr&gt;&lt;td colspan="3"&gt;&lt;a href="selenium-screenshot-3.png"&gt;&lt;img src="selenium-screenshot-3.png" width="800px"&gt;&lt;/a&gt;</msg>
<msg time="2024-05-28T06:32:13.688150" level="FAIL">Element with locator 'xpath://p[@class="oxd-text oxd-text--p oxd-text--toast-message oxd-toast-content-text"]' not found.</msg>
<arg>${success_message}</arg>
<arg>Successfully Saved</arg>
<doc>Verifies that element ``locator`` contains exact the text ``expected``.</doc>
<status status="FAIL" start="2024-05-28T06:32:08.536712" elapsed="5.152963">Element with locator 'xpath://p[@class="oxd-text oxd-text--p oxd-text--toast-message oxd-toast-content-text"]' not found.</status>
</kw>
<status status="FAIL" start="2024-05-28T06:32:08.448558" elapsed="5.241117">Element with locator 'xpath://p[@class="oxd-text oxd-text--p oxd-text--toast-message oxd-toast-content-text"]' not found.</status>
</kw>
<kw name="Set Selenium Implicit Wait" owner="SeleniumLibrary">
<arg>4s</arg>
<doc>Sets the implicit wait value used by Selenium.</doc>
<status status="NOT RUN" start="2024-05-28T06:32:13.689675" elapsed="0.000000"/>
</kw>
<arg>fname=min</arg>
<arg>mname=</arg>
<arg>lname=user</arg>
<tag>regression</tag>
<tag>smoke</tag>
<status status="FAIL" start="2024-05-28T06:32:01.415849" elapsed="12.274982">Element with locator 'xpath://p[@class="oxd-text oxd-text--p oxd-text--toast-message oxd-toast-content-text"]' not found.</status>
</kw>
<kw name="Close Browser Session" owner="GenericResources" type="TEARDOWN">
<kw name="Close Browser" owner="SeleniumLibrary">
<doc>Closes the current browser.</doc>
<status status="PASS" start="2024-05-28T06:32:13.692079" elapsed="2.271649"/>
</kw>
<status status="PASS" start="2024-05-28T06:32:13.690831" elapsed="2.274150"/>
</kw>
<status status="FAIL" start="2024-05-28T06:31:46.530834" elapsed="29.434147">Element with locator 'xpath://p[@class="oxd-text oxd-text--p oxd-text--toast-message oxd-toast-content-text"]' not found.</status>
</test>
<doc>Test to add new Employee</doc>
<status status="FAIL" start="2024-05-28T06:31:06.615209" elapsed="69.349772"/>
</suite>
<status status="FAIL" start="2024-05-28T06:24:56.436861" elapsed="439.528120"/>
</suite>
<status status="FAIL" start="2024-05-28T06:24:56.405570" elapsed="439.559411"/>
</suite>
<statistics>
<total>
<stat pass="19" fail="6" skip="0">All Tests</stat>
</total>
<tag>
<stat pass="4" fail="0" skip="0">regression</stat>
<stat pass="1" fail="0" skip="0">Retest</stat>
<stat pass="2" fail="0" skip="0">smoke</stat>
<stat pass="2" fail="0" skip="0">UAT</stat>
</tag>
<suite>
<stat pass="19" fail="6" skip="0" id="s1" name="ProjectPiot">ProjectPiot</stat>
<stat pass="19" fail="6" skip="0" id="s1-s1" name="TestCases">ProjectPiot.TestCases</stat>
<stat pass="1" fail="2" skip="0" id="s1-s1-s1" name="Test AddEmployee">ProjectPiot.TestCases.Test AddEmployee</stat>
<stat pass="1" fail="0" skip="0" id="s1-s1-s2" name="Test CandidateSearch">ProjectPiot.TestCases.Test CandidateSearch</stat>
<stat pass="2" fail="0" skip="0" id="s1-s1-s3" name="Test DeleteandEditRecord">ProjectPiot.TestCases.Test DeleteandEditRecord</stat>
<stat pass="1" fail="0" skip="0" id="s1-s1-s4" name="Test EmployeeLeaveList">ProjectPiot.TestCases.Test EmployeeLeaveList</stat>
<stat pass="1" fail="0" skip="0" id="s1-s1-s5" name="Test EmployeeList">ProjectPiot.TestCases.Test EmployeeList</stat>
<stat pass="1" fail="0" skip="0" id="s1-s1-s6" name="Test EmployeeListWithField">ProjectPiot.TestCases.Test EmployeeListWithField</stat>
<stat pass="3" fail="0" skip="0" id="s1-s1-s7" name="Test InvalidAddEmployee">ProjectPiot.TestCases.Test InvalidAddEmployee</stat>
<stat pass="2" fail="0" skip="0" id="s1-s1-s8" name="Test InvalidEmployeeDetails">ProjectPiot.TestCases.Test InvalidEmployeeDetails</stat>
<stat pass="5" fail="0" skip="0" id="s1-s1-s9" name="Test QuickLaunch">ProjectPiot.TestCases.Test QuickLaunch</stat>
<stat pass="1" fail="1" skip="0" id="s1-s1-s10" name="Test report">ProjectPiot.TestCases.Test report</stat>
<stat pass="1" fail="0" skip="0" id="s1-s1-s11" name="Test Vacancy">ProjectPiot.TestCases.Test Vacancy</stat>
<stat pass="0" fail="3" skip="0" id="s1-s1-s12" name="Test validAddEmployee">ProjectPiot.TestCases.Test validAddEmployee</stat>
</suite>
</statistics>
<errors>
<msg time="2024-05-28T06:25:13.072111" level="WARN">Multiple tests with name 'Add new Employee' executed in suite 'ProjectPiot.TestCases.Test AddEmployee'.</msg>
<msg time="2024-05-28T06:25:27.869380" level="WARN">Multiple tests with name 'Add new Employee' executed in suite 'ProjectPiot.TestCases.Test AddEmployee'.</msg>
<msg time="2024-05-28T06:27:39.299591" level="WARN">Multiple tests with name 'Invalid details for Add Employee' executed in suite 'ProjectPiot.TestCases.Test InvalidAddEmployee'.</msg>
<msg time="2024-05-28T06:27:55.923240" level="WARN">Multiple tests with name 'Invalid details for Add Employee' executed in suite 'ProjectPiot.TestCases.Test InvalidAddEmployee'.</msg>
<msg time="2024-05-28T06:28:30.092750" level="WARN">Multiple tests with name 'Employee Information with invalid field' executed in suite 'ProjectPiot.TestCases.Test InvalidEmployeeDetails'.</msg>
<msg time="2024-05-28T06:30:19.408139" level="WARN">Multiple tests with name 'Reports' executed in suite 'ProjectPiot.TestCases.Test report'.</msg>
<msg time="2024-05-28T06:31:26.615624" level="WARN">Multiple tests with name 'Add Employee' executed in suite 'ProjectPiot.TestCases.Test validAddEmployee'.</msg>
<msg time="2024-05-28T06:31:46.530834" level="WARN">Multiple tests with name 'Add Employee' executed in suite 'ProjectPiot.TestCases.Test validAddEmployee'.</msg>
</errors>
</robot>
